0 info it worked if it ends with ok
1 verbose cli [ '/usr/local/bin/node', '/usr/local/bin/npm', 'install' ]
2 info using npm@3.10.10
3 info using node@v6.9.4
4 silly loadCurrentTree Starting
5 silly install loadCurrentTree
6 silly install readLocalPackageData
7 silly install normalizeTree
8 silly loadCurrentTree Finishing
9 silly loadIdealTree Starting
10 silly install loadIdealTree
11 silly cloneCurrentTree Starting
12 silly install cloneCurrentTreeToIdealTree
13 silly cloneCurrentTree Finishing
14 silly loadShrinkwrap Starting
15 silly install loadShrinkwrap
16 silly loadShrinkwrap Finishing
17 silly loadAllDepsIntoIdealTree Starting
18 silly install loadAllDepsIntoIdealTree
19 silly fetchNamedPackageData generate-password
20 silly mapToRegistry name generate-password
21 silly mapToRegistry using default registry
22 silly mapToRegistry registry https://registry.npmjs.org/
23 silly mapToRegistry data Result {
23 silly mapToRegistry   raw: 'generate-password',
23 silly mapToRegistry   scope: null,
23 silly mapToRegistry   escapedName: 'generate-password',
23 silly mapToRegistry   name: 'generate-password',
23 silly mapToRegistry   rawSpec: '',
23 silly mapToRegistry   spec: 'latest',
23 silly mapToRegistry   type: 'tag' }
24 silly mapToRegistry uri https://registry.npmjs.org/generate-password
25 verbose request uri https://registry.npmjs.org/generate-password
26 verbose request no auth needed
27 info attempt registry request try #1 at 7:01:10 PM
28 verbose request id 32358b7c87a00fbb
29 verbose etag W/"5806fc10-26b3"
30 verbose lastModified Wed, 19 Oct 2016 04:52:32 GMT
31 http request GET https://registry.npmjs.org/generate-password
32 http 200 https://registry.npmjs.org/generate-password
33 verbose headers { server: 'nginx/1.10.1',
33 verbose headers   'content-type': 'application/json',
33 verbose headers   'last-modified': 'Wed, 28 Dec 2016 09:05:30 GMT',
33 verbose headers   etag: 'W/"5863805a-2ce3"',
33 verbose headers   'content-encoding': 'gzip',
33 verbose headers   'cache-control': 'max-age=300',
33 verbose headers   'content-length': '2383',
33 verbose headers   'accept-ranges': 'bytes',
33 verbose headers   date: 'Sun, 15 Jan 2017 19:01:10 GMT',
33 verbose headers   via: '1.1 varnish',
33 verbose headers   age: '0',
33 verbose headers   connection: 'keep-alive',
33 verbose headers   'x-served-by': 'cache-lcy1139-LCY',
33 verbose headers   'x-cache': 'MISS',
33 verbose headers   'x-cache-hits': '0',
33 verbose headers   'x-timer': 'S1484506870.505747,VS0,VE18',
33 verbose headers   vary: 'Accept-Encoding' }
34 silly get cb [ 200,
34 silly get   { server: 'nginx/1.10.1',
34 silly get     'content-type': 'application/json',
34 silly get     'last-modified': 'Wed, 28 Dec 2016 09:05:30 GMT',
34 silly get     etag: 'W/"5863805a-2ce3"',
34 silly get     'content-encoding': 'gzip',
34 silly get     'cache-control': 'max-age=300',
34 silly get     'content-length': '2383',
34 silly get     'accept-ranges': 'bytes',
34 silly get     date: 'Sun, 15 Jan 2017 19:01:10 GMT',
34 silly get     via: '1.1 varnish',
34 silly get     age: '0',
34 silly get     connection: 'keep-alive',
34 silly get     'x-served-by': 'cache-lcy1139-LCY',
34 silly get     'x-cache': 'MISS',
34 silly get     'x-cache-hits': '0',
34 silly get     'x-timer': 'S1484506870.505747,VS0,VE18',
34 silly get     vary: 'Accept-Encoding' } ]
35 verbose get saving generate-password to /Users/axelhunter/.npm/registry.npmjs.org/generate-password/.cache.json
36 verbose correctMkdir /Users/axelhunter/.npm correctMkdir not in flight; initializing
37 silly resolveWithNewModule generate-password@1.3.0 checking installable status
38 silly cache add args [ 'generate-password@^1.3.0', null ]
39 verbose cache add spec generate-password@^1.3.0
40 silly cache add parsed spec Result {
40 silly cache add   raw: 'generate-password@^1.3.0',
40 silly cache add   scope: null,
40 silly cache add   escapedName: 'generate-password',
40 silly cache add   name: 'generate-password',
40 silly cache add   rawSpec: '^1.3.0',
40 silly cache add   spec: '>=1.3.0 <2.0.0',
40 silly cache add   type: 'range' }
41 silly addNamed generate-password@>=1.3.0 <2.0.0
42 verbose addNamed ">=1.3.0 <2.0.0" is a valid semver range for generate-password
43 silly addNameRange { name: 'generate-password',
43 silly addNameRange   range: '>=1.3.0 <2.0.0',
43 silly addNameRange   hasData: false }
44 silly mapToRegistry name generate-password
45 silly mapToRegistry using default registry
46 silly mapToRegistry registry https://registry.npmjs.org/
47 silly mapToRegistry data Result {
47 silly mapToRegistry   raw: 'generate-password',
47 silly mapToRegistry   scope: null,
47 silly mapToRegistry   escapedName: 'generate-password',
47 silly mapToRegistry   name: 'generate-password',
47 silly mapToRegistry   rawSpec: '',
47 silly mapToRegistry   spec: 'latest',
47 silly mapToRegistry   type: 'tag' }
48 silly mapToRegistry uri https://registry.npmjs.org/generate-password
49 verbose addNameRange registry:https://registry.npmjs.org/generate-password not in flight; fetching
50 verbose get https://registry.npmjs.org/generate-password not expired, no request
51 silly addNameRange number 2 { name: 'generate-password',
51 silly addNameRange   range: '>=1.3.0 <2.0.0',
51 silly addNameRange   hasData: true }
52 silly addNameRange versions [ 'generate-password',
52 silly addNameRange   [ '0.0.1', '0.0.2', '1.0.1', '1.0.2', '1.1.1', '1.2.0', '1.3.0' ] ]
53 silly addNamed generate-password@1.3.0
54 verbose addNamed "1.3.0" is a plain semver version for generate-password
55 silly mapToRegistry name generate-password
56 silly mapToRegistry using default registry
57 silly mapToRegistry registry https://registry.npmjs.org/
58 silly mapToRegistry data Result {
58 silly mapToRegistry   raw: 'generate-password',
58 silly mapToRegistry   scope: null,
58 silly mapToRegistry   escapedName: 'generate-password',
58 silly mapToRegistry   name: 'generate-password',
58 silly mapToRegistry   rawSpec: '',
58 silly mapToRegistry   spec: 'latest',
58 silly mapToRegistry   type: 'tag' }
59 silly mapToRegistry uri https://registry.npmjs.org/generate-password
60 verbose addRemoteTarball https://registry.npmjs.org/generate-password/-/generate-password-1.3.0.tgz not in flight; adding
61 verbose addRemoteTarball [ 'https://registry.npmjs.org/generate-password/-/generate-password-1.3.0.tgz',
61 verbose addRemoteTarball   '4da4c154530d21c1995a77aac5a3ea04882fc8ad' ]
62 info retry fetch attempt 1 at 7:01:10 PM
63 info attempt registry request try #1 at 7:01:10 PM
64 http fetch GET https://registry.npmjs.org/generate-password/-/generate-password-1.3.0.tgz
65 http fetch 200 https://registry.npmjs.org/generate-password/-/generate-password-1.3.0.tgz
66 silly fetchAndShaCheck shasum 4da4c154530d21c1995a77aac5a3ea04882fc8ad
67 verbose addTmpTarball /var/folders/f0/f0jsp96133g29_k9jnr7yq600000gn/T/npm-34110-6c2ca4df/registry.npmjs.org/generate-password/-/generate-password-1.3.0.tgz not in flight; adding
68 verbose addTmpTarball already have metadata; skipping unpack for generate-password@1.3.0
69 verbose correctMkdir /Users/axelhunter/.npm correctMkdir not in flight; initializing
70 silly cache afterAdd generate-password@1.3.0
71 verbose afterAdd /Users/axelhunter/.npm/generate-password/1.3.0/package/package.json not in flight; writing
72 verbose correctMkdir /Users/axelhunter/.npm correctMkdir not in flight; initializing
73 verbose afterAdd /Users/axelhunter/.npm/generate-password/1.3.0/package/package.json written
74 silly loadAllDepsIntoIdealTree Finishing
75 silly loadIdealTree Finishing
76 silly currentTree cambridgemechatronics-web@1.0.0
76 silly currentTree ├── abab@1.0.3
76 silly currentTree ├── abbrev@1.0.9
76 silly currentTree ├── accepts@1.3.3
76 silly currentTree ├─┬ acorn-globals@3.0.0
76 silly currentTree │ └── acorn@3.3.0
76 silly currentTree ├─┬ acorn-jsx@3.0.1
76 silly currentTree │ └── acorn@3.3.0
76 silly currentTree ├── acorn@4.0.4
76 silly currentTree ├── ajv-keywords@1.5.0
76 silly currentTree ├── ajv@4.10.4
76 silly currentTree ├── align-text@0.1.4
76 silly currentTree ├── amdefine@1.0.1
76 silly currentTree ├── ansi-escapes@1.4.0
76 silly currentTree ├── ansi-regex@2.1.1
76 silly currentTree ├── ansi-styles@2.2.1
76 silly currentTree ├── app-root-path@2.0.1
76 silly currentTree ├── aproba@1.0.4
76 silly currentTree ├── archive-type@3.2.0
76 silly currentTree ├── archy@1.0.0
76 silly currentTree ├── are-we-there-yet@1.1.2
76 silly currentTree ├── argh@0.1.4
76 silly currentTree ├── argparse@1.0.9
76 silly currentTree ├── arr-diff@2.0.0
76 silly currentTree ├── arr-flatten@1.0.1
76 silly currentTree ├── array-differ@1.0.0
76 silly currentTree ├── array-find-index@1.0.2
76 silly currentTree ├── array-flatten@1.1.1
76 silly currentTree ├── array-union@1.0.2
76 silly currentTree ├── array-uniq@1.0.3
76 silly currentTree ├── array-unique@0.2.1
76 silly currentTree ├── arrify@1.0.1
76 silly currentTree ├── asap@2.0.5
76 silly currentTree ├── asn1@0.2.3
76 silly currentTree ├── assert-plus@0.2.0
76 silly currentTree ├── async-each-series@1.1.0
76 silly currentTree ├── async-foreach@0.1.3
76 silly currentTree ├── async.ensureasync@0.5.2
76 silly currentTree ├── async.queue@0.5.2
76 silly currentTree ├── async.util.arrayeach@0.5.2
76 silly currentTree ├── async.util.ensureasync@0.5.2
76 silly currentTree ├── async.util.isarray@0.5.2
76 silly currentTree ├── async.util.map@0.5.2
76 silly currentTree ├── async.util.noop@0.5.2
76 silly currentTree ├── async.util.onlyonce@0.5.2
76 silly currentTree ├── async.util.queue@0.5.2
76 silly currentTree ├── async.util.restparam@0.5.2
76 silly currentTree ├── async.util.setimmediate@0.5.2
76 silly currentTree ├── async@1.5.2
76 silly currentTree ├── asynckit@0.4.0
76 silly currentTree ├── aws-sign2@0.6.0
76 silly currentTree ├── aws4@1.5.0
76 silly currentTree ├── balanced-match@0.4.2
76 silly currentTree ├── base64-url@1.3.3
76 silly currentTree ├── basic-auth@1.0.4
76 silly currentTree ├── bcrypt-pbkdf@1.0.0
76 silly currentTree ├── bcrypt@1.0.2
76 silly currentTree ├── beeper@1.1.1
76 silly currentTree ├── bin-build@2.2.0
76 silly currentTree ├── bin-check@2.0.0
76 silly currentTree ├─┬ bin-version-check@2.1.0
76 silly currentTree │ ├── minimist@1.2.0
76 silly currentTree │ └── semver@4.3.6
76 silly currentTree ├── bin-version@1.0.4
76 silly currentTree ├── bin-wrapper@3.0.2
76 silly currentTree ├── bindings@1.2.1
76 silly currentTree ├── bl@1.2.0
76 silly currentTree ├── block-stream@0.0.9
76 silly currentTree ├── bluebird@3.4.7
76 silly currentTree ├─┬ body-parser@1.15.2
76 silly currentTree │ └── qs@6.2.0
76 silly currentTree ├── boolbase@1.0.0
76 silly currentTree ├── boom@2.10.1
76 silly currentTree ├── bottleneck@1.15.0
76 silly currentTree ├── bower@1.8.0
76 silly currentTree ├── brace-expansion@1.1.6
76 silly currentTree ├── braces@1.8.5
76 silly currentTree ├── bson@1.0.4
76 silly currentTree ├── buffer-crc32@0.2.13
76 silly currentTree ├── buffer-shims@1.0.0
76 silly currentTree ├─┬ buffer-to-vinyl@1.1.0
76 silly currentTree │ ├── uuid@2.0.3
76 silly currentTree │ └── vinyl@1.2.0
76 silly currentTree ├── builtin-modules@1.1.1
76 silly currentTree ├── bytes@2.4.0
76 silly currentTree ├── cache-swap@0.2.3
76 silly currentTree ├── caller-path@0.1.0
76 silly currentTree ├── callsites@0.2.0
76 silly currentTree ├─┬ camelcase-keys@2.1.0
76 silly currentTree │ └── camelcase@2.1.1
76 silly currentTree ├── camelcase@1.2.1
76 silly currentTree ├── capture-stack-trace@1.0.0
76 silly currentTree ├── caseless@0.11.0
76 silly currentTree ├─┬ caw@1.2.0
76 silly currentTree │ └── object-assign@3.0.0
76 silly currentTree ├── center-align@0.1.3
76 silly currentTree ├─┬ chalk@1.1.3
76 silly currentTree │ └── supports-color@2.0.0
76 silly currentTree ├── character-parser@2.2.0
76 silly currentTree ├─┬ cheerio@0.20.0
76 silly currentTree │ ├─┬ htmlparser2@3.8.3
76 silly currentTree │ │ └── entities@1.0.0
76 silly currentTree │ ├── isarray@0.0.1
76 silly currentTree │ └── readable-stream@1.1.14
76 silly currentTree ├── circular-json@0.3.1
76 silly currentTree ├── clap@1.1.2
76 silly currentTree ├─┬ clean-css@3.4.23
76 silly currentTree │ └── commander@2.8.1
76 silly currentTree ├── cli-color@1.1.0
76 silly currentTree ├── cli-cursor@1.0.2
76 silly currentTree ├── cli-width@2.1.0
76 silly currentTree ├─┬ cliui@2.1.0
76 silly currentTree │ └── wordwrap@0.0.2
76 silly currentTree ├── clone-buffer@1.0.0
76 silly currentTree ├── clone-stats@0.0.1
76 silly currentTree ├── clone@1.0.2
76 silly currentTree ├── cloneable-readable@1.0.0
76 silly currentTree ├── co@4.6.0
76 silly currentTree ├── coa@1.0.1
76 silly currentTree ├── code-point-at@1.1.0
76 silly currentTree ├── color-convert@0.5.3
76 silly currentTree ├── color-name@1.1.1
76 silly currentTree ├── color-string@0.3.0
76 silly currentTree ├── color@0.8.0
76 silly currentTree ├── colornames@0.0.2
76 silly currentTree ├── colors@1.1.2
76 silly currentTree ├── colorspace@1.0.1
76 silly currentTree ├── combined-stream@1.0.5
76 silly currentTree ├── commander@2.9.0
76 silly currentTree ├── compressible@2.0.9
76 silly currentTree ├─┬ compression@1.6.2
76 silly currentTree │ └── bytes@2.3.0
76 silly currentTree ├── concat-map@0.0.1
76 silly currentTree ├── concat-stream@1.6.0
76 silly currentTree ├─┬ concat-with-sourcemaps@1.0.4
76 silly currentTree │ └── source-map@0.5.6
76 silly currentTree ├── config@1.24.0
76 silly currentTree ├── connect-flash@0.1.1
76 silly currentTree ├── connect-redis@3.2.0
76 silly currentTree ├── console-control-strings@1.1.0
76 silly currentTree ├── console-stream@0.1.1
76 silly currentTree ├─┬ constantinople@3.1.0
76 silly currentTree │ └── acorn@3.3.0
76 silly currentTree ├── content-disposition@0.5.1
76 silly currentTree ├── content-type@1.0.2
76 silly currentTree ├── convert-source-map@1.3.0
76 silly currentTree ├── cookie-parser@1.4.3
76 silly currentTree ├── cookie-signature@1.0.6
76 silly currentTree ├── cookie@0.3.1
76 silly currentTree ├── core-util-is@1.0.2
76 silly currentTree ├── crc@3.4.1
76 silly currentTree ├── create-error-class@3.0.2
76 silly currentTree ├── cron@1.2.1
76 silly currentTree ├─┬ cross-spawn@3.0.1
76 silly currentTree │ └── lru-cache@4.0.2
76 silly currentTree ├── cryptiles@2.0.5
76 silly currentTree ├── css-select@1.2.0
76 silly currentTree ├── css-what@2.1.0
76 silly currentTree ├─┬ csso@2.0.0
76 silly currentTree │ └── source-map@0.5.6
76 silly currentTree ├── cssom@0.3.1
76 silly currentTree ├── cssstyle@0.2.37
76 silly currentTree ├── currently-unhandled@0.4.1
76 silly currentTree ├── d@0.1.1
76 silly currentTree ├─┬ dashdash@1.14.1
76 silly currentTree │ └── assert-plus@1.0.0
76 silly currentTree ├── dateformat@2.0.0
76 silly currentTree ├── deap@1.0.0
76 silly currentTree ├── debug@2.2.0
76 silly currentTree ├── decamelize@1.2.0
76 silly currentTree ├─┬ decompress-tar@3.1.0
76 silly currentTree │ ├── clone@0.2.0
76 silly currentTree │ ├── isarray@0.0.1
76 silly currentTree │ ├── object-assign@2.1.1
76 silly currentTree │ ├── readable-stream@1.0.34
76 silly currentTree │ ├── through2@0.6.5
76 silly currentTree │ └── vinyl@0.4.6
76 silly currentTree ├─┬ decompress-tarbz2@3.1.0
76 silly currentTree │ ├── clone@0.2.0
76 silly currentTree │ ├── isarray@0.0.1
76 silly currentTree │ ├── object-assign@2.1.1
76 silly currentTree │ ├── readable-stream@1.0.34
76 silly currentTree │ ├── through2@0.6.5
76 silly currentTree │ └── vinyl@0.4.6
76 silly currentTree ├─┬ decompress-targz@3.1.0
76 silly currentTree │ ├── clone@0.2.0
76 silly currentTree │ ├── isarray@0.0.1
76 silly currentTree │ ├── object-assign@2.1.1
76 silly currentTree │ ├── readable-stream@1.0.34
76 silly currentTree │ ├── through2@0.6.5
76 silly currentTree │ └── vinyl@0.4.6
76 silly currentTree ├─┬ decompress-unzip@3.4.0
76 silly currentTree │ └── vinyl@1.2.0
76 silly currentTree ├─┬ decompress@3.0.0
76 silly currentTree │ ├── glob-parent@3.1.0
76 silly currentTree │ ├─┬ glob-stream@5.3.5
76 silly currentTree │ │ ├── readable-stream@1.0.34
76 silly currentTree │ │ └── through2@0.6.5
76 silly currentTree │ ├── glob@5.0.15
76 silly currentTree │ ├── is-extglob@2.1.1
76 silly currentTree │ ├── is-glob@3.1.0
76 silly currentTree │ ├── isarray@0.0.1
76 silly currentTree │ ├── ordered-read-streams@0.3.0
76 silly currentTree │ ├── strip-bom@2.0.0
76 silly currentTree │ ├── unique-stream@2.2.1
76 silly currentTree │ ├── vinyl-fs@2.4.4
76 silly currentTree │ └── vinyl@1.2.0
76 silly currentTree ├── deep-extend@0.4.1
76 silly currentTree ├── deep-is@0.1.3
76 silly currentTree ├── defaults@1.0.3
76 silly currentTree ├── define-properties@1.1.2
76 silly currentTree ├── del@2.2.2
76 silly currentTree ├── delayed-stream@1.0.0
76 silly currentTree ├── delegates@1.0.0
76 silly currentTree ├── depd@1.1.0
76 silly currentTree ├── deprecated@0.0.1
76 silly currentTree ├── destroy@1.0.4
76 silly currentTree ├── detect-file@0.1.0
76 silly currentTree ├── diagnostics@1.0.1
76 silly currentTree ├── doctrine@1.5.0
76 silly currentTree ├── doctypes@1.1.0
76 silly currentTree ├─┬ dom-serializer@0.1.0
76 silly currentTree │ └── domelementtype@1.1.3
76 silly currentTree ├── domelementtype@1.3.0
76 silly currentTree ├── domhandler@2.3.0
76 silly currentTree ├── domutils@1.5.1
76 silly currentTree ├── double-ended-queue@2.1.0-0
76 silly currentTree ├─┬ download@4.4.3
76 silly currentTree │ ├── glob-parent@3.1.0
76 silly currentTree │ ├─┬ glob-stream@5.3.5
76 silly currentTree │ │ ├── readable-stream@1.0.34
76 silly currentTree │ │ └── through2@0.6.5
76 silly currentTree │ ├── glob@5.0.15
76 silly currentTree │ ├── is-extglob@2.1.1
76 silly currentTree │ ├── is-glob@3.1.0
76 silly currentTree │ ├── isarray@0.0.1
76 silly currentTree │ ├── ordered-read-streams@0.3.0
76 silly currentTree │ ├── strip-bom@2.0.0
76 silly currentTree │ ├── unique-stream@2.2.1
76 silly currentTree │ ├── vinyl-fs@2.4.4
76 silly currentTree │ └── vinyl@1.2.0
76 silly currentTree ├── duplexer@0.1.1
76 silly currentTree ├─┬ duplexer2@0.0.2
76 silly currentTree │ ├── isarray@0.0.1
76 silly currentTree │ └── readable-stream@1.1.14
76 silly currentTree ├─┬ duplexify@3.5.0
76 silly currentTree │ ├── end-of-stream@1.0.0
76 silly currentTree │ └── once@1.3.3
76 silly currentTree ├── each-async@1.1.1
76 silly currentTree ├── ecc-jsbn@0.1.1
76 silly currentTree ├── ee-first@1.1.1
76 silly currentTree ├── emits@3.0.0
76 silly currentTree ├── enabled@1.0.2
76 silly currentTree ├── encodeurl@1.0.1
76 silly currentTree ├─┬ end-of-stream@0.1.5
76 silly currentTree │ └── once@1.3.3
76 silly currentTree ├── entities@1.1.1
76 silly currentTree ├── env-variable@0.0.3
76 silly currentTree ├── error-ex@1.3.0
76 silly currentTree ├── es5-ext@0.10.12
76 silly currentTree ├── es6-iterator@2.0.0
76 silly currentTree ├── es6-map@0.1.4
76 silly currentTree ├── es6-promise@3.2.1
76 silly currentTree ├── es6-set@0.1.4
76 silly currentTree ├── es6-symbol@3.1.0
76 silly currentTree ├── es6-weak-map@2.0.1
76 silly currentTree ├── escape-html@1.0.3
76 silly currentTree ├── escape-string-regexp@1.0.5
76 silly currentTree ├─┬ escodegen@1.8.1
76 silly currentTree │ ├── estraverse@1.9.3
76 silly currentTree │ └── source-map@0.2.0
76 silly currentTree ├── escope@3.6.0
76 silly currentTree ├── eslint-config-airbnb@6.1.0
76 silly currentTree ├── eslint-plugin-react@4.2.3
76 silly currentTree ├─┬ eslint@2.4.0
76 silly currentTree │ └── glob@6.0.4
76 silly currentTree ├── espree@3.3.2
76 silly currentTree ├── esprima@2.7.3
76 silly currentTree ├─┬ esrecurse@4.1.0
76 silly currentTree │ └── estraverse@4.1.1
76 silly currentTree ├── estraverse@4.2.0
76 silly currentTree ├── esutils@2.0.2
76 silly currentTree ├── etag@1.7.0
76 silly currentTree ├── event-emitter@0.3.4
76 silly currentTree ├── event-stream@3.3.4
76 silly currentTree ├── exec-buffer@2.0.1
76 silly currentTree ├── exec-series@1.0.3
76 silly currentTree ├── executable@1.1.0
76 silly currentTree ├── exit-hook@1.1.1
76 silly currentTree ├── expand-brackets@0.1.5
76 silly currentTree ├── expand-range@1.8.2
76 silly currentTree ├── expand-tilde@1.2.2
76 silly currentTree ├─┬ express-handlebars@3.0.0
76 silly currentTree │ └── glob@6.0.4
76 silly currentTree ├── express-session@1.14.2
76 silly currentTree ├─┬ express-validator@2.21.0
76 silly currentTree │ └── lodash@4.16.6
76 silly currentTree ├─┬ express@4.14.0
76 silly currentTree │ └── qs@6.2.0
76 silly currentTree ├── extend-shallow@2.0.1
76 silly currentTree ├── extend@3.0.0
76 silly currentTree ├── extglob@0.3.2
76 silly currentTree ├── extsprintf@1.0.2
76 silly currentTree ├── fancy-log@1.3.0
76 silly currentTree ├── fast-levenshtein@2.0.6
76 silly currentTree ├── fd-slicer@1.0.1
76 silly currentTree ├── figures@1.7.0
76 silly currentTree ├── file-entry-cache@1.3.1
76 silly currentTree ├── file-type@3.9.0
76 silly currentTree ├── filename-regex@2.0.0
76 silly currentTree ├── filename-reserved-regex@1.0.0
76 silly currentTree ├── filenamify@1.2.1
76 silly currentTree ├── fill-range@2.2.3
76 silly currentTree ├── finalhandler@0.5.0
76 silly currentTree ├── find-index@0.1.1
76 silly currentTree ├── find-up@1.1.2
76 silly currentTree ├── find-versions@1.2.1
76 silly currentTree ├── findup-sync@0.4.3
76 silly currentTree ├── fined@1.0.2
76 silly currentTree ├── first-chunk-stream@1.0.0
76 silly currentTree ├── flagged-respawn@0.3.2
76 silly currentTree ├── flat-cache@1.2.2
76 silly currentTree ├── for-in@0.1.6
76 silly currentTree ├── for-own@0.1.4
76 silly currentTree ├── foreach@2.0.5
76 silly currentTree ├── forever-agent@0.6.1
76 silly currentTree ├── fork-stream@0.0.4
76 silly currentTree ├── form-data@2.1.2
76 silly currentTree ├── forwarded@0.1.0
76 silly currentTree ├── fresh@0.3.0
76 silly currentTree ├── from@0.1.3
76 silly currentTree ├── fs-exists-sync@0.1.0
76 silly currentTree ├── fs.realpath@1.0.0
76 silly currentTree ├── fstream-ignore@1.0.5
76 silly currentTree ├── fstream@1.0.10
76 silly currentTree ├── function-bind@1.1.0
76 silly currentTree ├── gauge@2.7.2
76 silly currentTree ├── gaze@0.5.2
76 silly currentTree ├── generate-function@2.0.0
76 silly currentTree ├── generate-object-property@1.2.0
76 silly currentTree ├── get-caller-file@1.0.2
76 silly currentTree ├── get-proxy@1.1.0
76 silly currentTree ├── get-stdin@4.0.1
76 silly currentTree ├─┬ getpass@0.1.6
76 silly currentTree │ └── assert-plus@1.0.0
76 silly currentTree ├── gettemporaryfilepath@0.0.1
76 silly currentTree ├── gifsicle@3.0.4
76 silly currentTree ├── glob-base@0.3.0
76 silly currentTree ├── glob-parent@2.0.0
76 silly currentTree ├─┬ glob-stream@3.1.18
76 silly currentTree │ ├── glob@4.5.3
76 silly currentTree │ ├── isarray@0.0.1
76 silly currentTree │ ├── minimatch@2.0.10
76 silly currentTree │ ├── readable-stream@1.0.34
76 silly currentTree │ └── through2@0.6.5
76 silly currentTree ├── glob-watcher@0.0.6
76 silly currentTree ├── glob@7.1.1
76 silly currentTree ├── glob2base@0.0.12
76 silly currentTree ├── global-modules@0.2.3
76 silly currentTree ├── global-prefix@0.1.5
76 silly currentTree ├── globals@8.18.0
76 silly currentTree ├── globby@5.0.0
76 silly currentTree ├─┬ globule@0.1.0
76 silly currentTree │ ├── glob@3.1.21
76 silly currentTree │ ├── graceful-fs@1.2.3
76 silly currentTree │ ├── inherits@1.0.2
76 silly currentTree │ ├── lodash@1.0.2
76 silly currentTree │ └── minimatch@0.2.14
76 silly currentTree ├── glogg@1.0.0
76 silly currentTree ├─┬ got@5.7.1
76 silly currentTree │ └── duplexer2@0.1.4
76 silly currentTree ├── graceful-fs@4.1.11
76 silly currentTree ├── graceful-readlink@1.0.1
76 silly currentTree ├─┬ gulp-cache@0.4.5
76 silly currentTree │ └── vinyl@1.2.0
76 silly currentTree ├── gulp-clean-css@2.3.2
76 silly currentTree ├─┬ gulp-concat@2.6.1
76 silly currentTree │ ├── clone-stats@1.0.0
76 silly currentTree │ ├── replace-ext@1.0.0
76 silly currentTree │ └── vinyl@2.0.1
76 silly currentTree ├── gulp-decompress@1.2.0
76 silly currentTree ├── gulp-if@2.0.2
76 silly currentTree ├── gulp-imagemin@2.4.0
76 silly currentTree ├── gulp-match@1.0.3
76 silly currentTree ├─┬ gulp-minify-html@1.0.6
76 silly currentTree │ ├── isarray@0.0.1
76 silly currentTree │ ├── readable-stream@1.0.34
76 silly currentTree │ └── through2@0.6.5
76 silly currentTree ├── gulp-rename@1.2.2
76 silly currentTree ├── gulp-sass@2.3.2
76 silly currentTree ├─┬ gulp-sourcemaps@1.6.0
76 silly currentTree │ ├── strip-bom@2.0.0
76 silly currentTree │ └── vinyl@1.2.0
76 silly currentTree ├─┬ gulp-uglify@1.5.4
76 silly currentTree │ ├── async@0.2.10
76 silly currentTree │ ├── source-map@0.5.6
76 silly currentTree │ └── uglify-js@2.6.4
76 silly currentTree ├─┬ gulp-useref@2.1.0
76 silly currentTree │ ├── glob-parent@3.1.0
76 silly currentTree │ ├── glob-stream@5.3.5
76 silly currentTree │ ├── glob@5.0.15
76 silly currentTree │ ├── is-extglob@2.1.1
76 silly currentTree │ ├── is-glob@3.1.0
76 silly currentTree │ ├── isarray@0.0.1
76 silly currentTree │ ├─┬ ordered-read-streams@0.3.0
76 silly currentTree │ │ ├── isarray@1.0.0
76 silly currentTree │ │ └── readable-stream@2.2.2
76 silly currentTree │ ├── readable-stream@1.0.34
76 silly currentTree │ ├── strip-bom@2.0.0
76 silly currentTree │ ├── through2@0.6.5
76 silly currentTree │ ├── unique-stream@2.2.1
76 silly currentTree │ ├─┬ vinyl-fs@2.4.4
76 silly currentTree │ │ ├── isarray@1.0.0
76 silly currentTree │ │ ├── readable-stream@2.2.2
76 silly currentTree │ │ └── through2@2.0.3
76 silly currentTree │ └── vinyl@1.2.0
76 silly currentTree ├─┬ gulp-util@3.0.8
76 silly currentTree │ ├── minimist@1.2.0
76 silly currentTree │ └── object-assign@3.0.0
76 silly currentTree ├─┬ gulp@3.9.1
76 silly currentTree │ ├── minimist@1.2.0
76 silly currentTree │ └── semver@4.3.6
76 silly currentTree ├── gulplog@1.0.0
76 silly currentTree ├── hammerjs@2.0.8
76 silly currentTree ├── handlebars@4.0.6
76 silly currentTree ├── har-validator@2.0.6
76 silly currentTree ├── has-ansi@2.0.0
76 silly currentTree ├── has-gulplog@0.1.0
76 silly currentTree ├── has-unicode@2.0.1
76 silly currentTree ├── hawk@3.1.3
76 silly currentTree ├── hoek@2.16.3
76 silly currentTree ├── homedir-polyfill@1.0.1
76 silly currentTree ├── hooks-fixed@1.2.0
76 silly currentTree ├── hosted-git-info@2.1.5
76 silly currentTree ├── htmlparser2@3.9.2
76 silly currentTree ├── http-errors@1.5.1
76 silly currentTree ├── http-signature@1.1.1
76 silly currentTree ├── iconv-lite@0.4.13
76 silly currentTree ├── ignore@2.2.19
76 silly currentTree ├─┬ imagemin-gifsicle@4.2.0
76 silly currentTree │ ├── isarray@0.0.1
76 silly currentTree │ ├── readable-stream@1.0.34
76 silly currentTree │ └── through2@0.6.5
76 silly currentTree ├── imagemin-jpegtran@4.3.2
76 silly currentTree ├─┬ imagemin-optipng@4.3.0
76 silly currentTree │ ├── isarray@0.0.1
76 silly currentTree │ ├── readable-stream@1.0.34
76 silly currentTree │ └── through2@0.6.5
76 silly currentTree ├── imagemin-svgo@4.2.1
76 silly currentTree ├─┬ imagemin@4.0.0
76 silly currentTree │ ├── glob-parent@3.1.0
76 silly currentTree │ ├─┬ glob-stream@5.3.5
76 silly currentTree │ │ ├── readable-stream@1.0.34
76 silly currentTree │ │ └── through2@0.6.5
76 silly currentTree │ ├── glob@5.0.15
76 silly currentTree │ ├── is-extglob@2.1.1
76 silly currentTree │ ├── is-glob@3.1.0
76 silly currentTree │ ├── isarray@0.0.1
76 silly currentTree │ ├── ordered-read-streams@0.3.0
76 silly currentTree │ ├── strip-bom@2.0.0
76 silly currentTree │ ├── unique-stream@2.2.1
76 silly currentTree │ ├── vinyl-fs@2.4.4
76 silly currentTree │ └── vinyl@1.2.0
76 silly currentTree ├── in-publish@2.0.0
76 silly currentTree ├── indent-string@2.1.0
76 silly currentTree ├── inflight@1.0.6
76 silly currentTree ├── inherits@2.0.3
76 silly currentTree ├── ini@1.3.4
76 silly currentTree ├── inquirer@0.12.0
76 silly currentTree ├── interpret@1.0.1
76 silly currentTree ├── invert-kv@1.0.0
76 silly currentTree ├── ip-regex@1.0.3
76 silly currentTree ├── ipaddr.js@1.2.0
76 silly currentTree ├── irregular-plurals@1.2.0
76 silly currentTree ├── is-absolute-url@1.0.0
76 silly currentTree ├── is-absolute@0.2.6
76 silly currentTree ├── is-arrayish@0.2.1
76 silly currentTree ├── is-buffer@1.1.4
76 silly currentTree ├── is-builtin-module@1.0.0
76 silly currentTree ├── is-bzip2@1.0.0
76 silly currentTree ├── is-dotfile@1.0.2
76 silly currentTree ├── is-equal-shallow@0.1.3
76 silly currentTree ├─┬ is-expression@2.1.0
76 silly currentTree │ └── acorn@3.3.0
76 silly currentTree ├── is-extendable@0.1.1
76 silly currentTree ├── is-extglob@1.0.0
76 silly currentTree ├── is-finite@1.0.2
76 silly currentTree ├── is-fullwidth-code-point@1.0.0
76 silly currentTree ├── is-gif@1.0.0
76 silly currentTree ├── is-glob@2.0.1
76 silly currentTree ├── is-gzip@1.0.0
76 silly currentTree ├── is-jpg@1.0.0
76 silly currentTree ├── is-my-json-valid@2.15.0
76 silly currentTree ├── is-natural-number@2.1.1
76 silly currentTree ├── is-number@2.1.0
76 silly currentTree ├── is-obj@1.0.1
76 silly currentTree ├── is-path-cwd@1.0.0
76 silly currentTree ├── is-path-in-cwd@1.0.0
76 silly currentTree ├── is-path-inside@1.0.0
76 silly currentTree ├── is-png@1.0.0
76 silly currentTree ├── is-posix-bracket@0.1.1
76 silly currentTree ├── is-primitive@2.0.0
76 silly currentTree ├── is-promise@2.1.0
76 silly currentTree ├── is-property@1.0.2
76 silly currentTree ├── is-redirect@1.0.0
76 silly currentTree ├── is-regex@1.0.3
76 silly currentTree ├── is-relative-url@1.0.0
76 silly currentTree ├── is-relative@0.2.1
76 silly currentTree ├── is-resolvable@1.0.0
76 silly currentTree ├── is-retry-allowed@1.1.0
76 silly currentTree ├── is-stream@1.1.0
76 silly currentTree ├── is-svg@1.1.1
76 silly currentTree ├── is-tar@1.0.0
76 silly currentTree ├── is-typedarray@1.0.0
76 silly currentTree ├── is-unc-path@0.1.2
76 silly currentTree ├── is-url@1.2.2
76 silly currentTree ├── is-utf8@0.2.1
76 silly currentTree ├── is-valid-glob@0.3.0
76 silly currentTree ├── is-windows@0.2.0
76 silly currentTree ├── is-zip@1.0.0
76 silly currentTree ├── isarray@1.0.0
76 silly currentTree ├── isexe@1.1.2
76 silly currentTree ├── isobject@2.1.0
76 silly currentTree ├── isstream@0.1.2
76 silly currentTree ├── jodid25519@1.0.2
76 silly currentTree ├── jpegtran-bin@3.2.0
76 silly currentTree ├── js-stringify@1.0.2
76 silly currentTree ├── js-yaml@3.7.0
76 silly currentTree ├── jsbn@0.1.0
76 silly currentTree ├─┬ jsdom@7.2.2
76 silly currentTree │ ├── acorn-globals@1.0.9
76 silly currentTree │ └── acorn@2.7.0
76 silly currentTree ├── json-schema@0.2.3
76 silly currentTree ├── json-stable-stringify@1.0.1
76 silly currentTree ├── json-stringify-safe@5.0.1
76 silly currentTree ├── json5@0.4.0
76 silly currentTree ├── jsonify@0.0.0
76 silly currentTree ├── jsonpointer@4.0.1
76 silly currentTree ├── jsprim@1.3.1
76 silly currentTree ├── jstransformer@1.0.0
76 silly currentTree ├── kareem@1.2.0
76 silly currentTree ├── kind-of@3.1.0
76 silly currentTree ├── kuler@0.0.0
76 silly currentTree ├── lazy-cache@1.0.4
76 silly currentTree ├── lazy-req@1.1.0
76 silly currentTree ├── lazystream@1.0.0
76 silly currentTree ├── lcid@1.0.0
76 silly currentTree ├── levn@0.3.0
76 silly currentTree ├── liftoff@2.3.0
76 silly currentTree ├─┬ load-json-file@1.1.0
76 silly currentTree │ └── strip-bom@2.0.0
76 silly currentTree ├── lodash._basecopy@3.0.1
76 silly currentTree ├── lodash._basetostring@3.0.1
76 silly currentTree ├── lodash._basevalues@3.0.0
76 silly currentTree ├── lodash._getnative@3.9.1
76 silly currentTree ├── lodash._isiterateecall@3.0.9
76 silly currentTree ├── lodash._reescape@3.0.0
76 silly currentTree ├── lodash._reevaluate@3.0.0
76 silly currentTree ├── lodash._reinterpolate@3.0.0
76 silly currentTree ├── lodash._root@3.0.1
76 silly currentTree ├── lodash.assign@4.2.0
76 silly currentTree ├── lodash.assignwith@4.2.0
76 silly currentTree ├── lodash.chunk@4.2.0
76 silly currentTree ├── lodash.clonedeep@4.5.0
76 silly currentTree ├── lodash.escape@3.2.0
76 silly currentTree ├── lodash.forin@4.4.0
76 silly currentTree ├── lodash.isarguments@3.1.0
76 silly currentTree ├── lodash.isarray@3.0.4
76 silly currentTree ├── lodash.isempty@4.4.0
76 silly currentTree ├── lodash.isequal@4.5.0
76 silly currentTree ├── lodash.isplainobject@4.0.6
76 silly currentTree ├── lodash.isstring@4.0.1
76 silly currentTree ├── lodash.keys@3.1.2
76 silly currentTree ├── lodash.mapvalues@4.6.0
76 silly currentTree ├── lodash.pick@4.4.0
76 silly currentTree ├── lodash.restparam@3.6.1
76 silly currentTree ├── lodash.template@3.6.2
76 silly currentTree ├── lodash.templatesettings@3.1.1
76 silly currentTree ├── lodash@4.17.4
76 silly currentTree ├── logalot@2.1.0
76 silly currentTree ├── longest@1.0.1
76 silly currentTree ├── loud-rejection@1.6.0
76 silly currentTree ├── lowercase-keys@1.0.0
76 silly currentTree ├── lpad-align@1.1.0
76 silly currentTree ├── lpad@2.0.1
76 silly currentTree ├── lru-cache@2.7.3
76 silly currentTree ├── lru-queue@0.1.0
76 silly currentTree ├── map-cache@0.2.2
76 silly currentTree ├── map-obj@1.0.1
76 silly currentTree ├── map-stream@0.1.0
76 silly currentTree ├── media-typer@0.3.0
76 silly currentTree ├── memoizeasync@0.0.1
76 silly currentTree ├─┬ memoizee@0.3.10
76 silly currentTree │ ├── es6-iterator@0.1.3
76 silly currentTree │ ├── es6-symbol@2.0.1
76 silly currentTree │ └── es6-weak-map@0.1.4
76 silly currentTree ├─┬ meow@3.7.0
76 silly currentTree │ └── minimist@1.2.0
76 silly currentTree ├── merge-descriptors@1.0.1
76 silly currentTree ├── merge-stream@1.0.1
76 silly currentTree ├── methods@1.1.2
76 silly currentTree ├── micromatch@2.3.11
76 silly currentTree ├── mime-db@1.26.0
76 silly currentTree ├── mime-types@2.1.14
76 silly currentTree ├── mime@1.3.4
76 silly currentTree ├── minimatch@3.0.3
76 silly currentTree ├── minimist@0.0.8
76 silly currentTree ├─┬ minimize@1.8.1
76 silly currentTree │ └── node-uuid@1.4.7
76 silly currentTree ├── mkdirp@0.5.1
76 silly currentTree ├── moment-timezone@0.5.11
76 silly currentTree ├── moment@2.17.1
76 silly currentTree ├── mongodb-core@2.1.2
76 silly currentTree ├─┬ mongodb@2.2.16
76 silly currentTree │ └── readable-stream@2.1.5
76 silly currentTree ├─┬ mongoose@4.7.6
76 silly currentTree │ ├── async@2.1.4
76 silly currentTree │ └── ms@0.7.2
76 silly currentTree ├── morgan@1.7.0
76 silly currentTree ├── mpath@0.2.1
76 silly currentTree ├── mpromise@0.5.5
76 silly currentTree ├─┬ mquery@2.0.0
76 silly currentTree │ ├── bluebird@2.10.2
76 silly currentTree │ └── sliced@0.0.5
76 silly currentTree ├── ms@0.7.1
76 silly currentTree ├── multipipe@0.1.2
76 silly currentTree ├── muri@1.1.1
76 silly currentTree ├── mute-stream@0.0.5
76 silly currentTree ├── nan@2.5.0
76 silly currentTree ├── natives@1.1.0
76 silly currentTree ├── negotiator@0.6.1
76 silly currentTree ├── next-tick@0.2.2
76 silly currentTree ├── node-gyp@3.5.0
76 silly currentTree ├── node-pre-gyp@0.6.32
76 silly currentTree ├─┬ node-sass@3.13.1
76 silly currentTree │ ├── gaze@1.1.2
76 silly currentTree │ ├── globule@1.1.0
76 silly currentTree │ └── lodash@4.16.6
76 silly currentTree ├── node-status-codes@1.0.0
76 silly currentTree ├── node-useref@0.3.15
76 silly currentTree ├── nopt@3.0.6
76 silly currentTree ├── normalize-package-data@2.3.5
76 silly currentTree ├── normalize-path@2.0.1
76 silly currentTree ├── npmlog@4.0.2
76 silly currentTree ├── nth-check@1.0.1
76 silly currentTree ├── number-is-nan@1.0.1
76 silly currentTree ├── nwmatcher@1.3.9
76 silly currentTree ├── oauth-sign@0.8.2
76 silly currentTree ├── object-assign@4.1.0
76 silly currentTree ├── object-keys@1.0.11
76 silly currentTree ├── object.assign@4.0.4
76 silly currentTree ├── object.omit@2.0.1
76 silly currentTree ├── object.pick@1.2.0
76 silly currentTree ├── on-finished@2.3.0
76 silly currentTree ├── on-headers@1.0.1
76 silly currentTree ├── once@1.4.0
76 silly currentTree ├── onetime@1.1.0
76 silly currentTree ├─┬ optimist@0.6.1
76 silly currentTree │ └── wordwrap@0.0.3
76 silly currentTree ├── optional@0.1.3
76 silly currentTree ├── optionator@0.8.2
76 silly currentTree ├── optipng-bin@3.1.2
76 silly currentTree ├─┬ optipng@1.0.0
76 silly currentTree │ ├── optipng-bin@3.0.2
76 silly currentTree │ └── which@1.0.5
76 silly currentTree ├── orchestrator@0.3.8
76 silly currentTree ├── ordered-read-streams@0.1.0
76 silly currentTree ├── os-filter-obj@1.0.3
76 silly currentTree ├── os-homedir@1.0.2
76 silly currentTree ├── os-locale@1.4.0
76 silly currentTree ├── os-tmpdir@1.0.2
76 silly currentTree ├── osenv@0.1.4
76 silly currentTree ├── parse-filepath@1.0.1
76 silly currentTree ├── parse-glob@3.0.4
76 silly currentTree ├── parse-json@2.2.0
76 silly currentTree ├── parse-passwd@1.0.0
76 silly currentTree ├── parse5@1.5.1
76 silly currentTree ├── parseurl@1.3.1
76 silly currentTree ├── path-dirname@1.0.2
76 silly currentTree ├── path-exists@2.1.0
76 silly currentTree ├── path-is-absolute@1.0.1
76 silly currentTree ├── path-is-inside@1.0.2
76 silly currentTree ├── path-root-regex@0.1.2
76 silly currentTree ├── path-root@0.1.1
76 silly currentTree ├── path-to-regexp@0.1.7
76 silly currentTree ├── path-type@1.1.0
76 silly currentTree ├── pause-stream@0.0.11
76 silly currentTree ├── pend@1.2.0
76 silly currentTree ├── pify@2.3.0
76 silly currentTree ├── pinkie-promise@2.0.1
76 silly currentTree ├── pinkie@2.0.4
76 silly currentTree ├── plur@2.1.2
76 silly currentTree ├── pluralize@1.2.1
76 silly currentTree ├── prelude-ls@1.1.2
76 silly currentTree ├── prepend-http@1.0.4
76 silly currentTree ├── preserve@0.2.0
76 silly currentTree ├── pretty-bytes@2.0.1
76 silly currentTree ├── pretty-hrtime@1.0.3
76 silly currentTree ├── prismic.io@3.3.1
76 silly currentTree ├── process-nextick-args@1.0.7
76 silly currentTree ├── progress@1.1.8
76 silly currentTree ├── promise@7.1.1
76 silly currentTree ├── proxy-addr@1.1.3
76 silly currentTree ├── pseudomap@1.0.2
76 silly currentTree ├── pug-attrs@2.0.1
76 silly currentTree ├── pug-code-gen@1.1.0
76 silly currentTree ├── pug-error@1.3.1
76 silly currentTree ├── pug-filters@1.2.4
76 silly currentTree ├─┬ pug-lexer@2.3.0
76 silly currentTree │ └── is-expression@3.0.0
76 silly currentTree ├── pug-linker@1.0.1
76 silly currentTree ├── pug-load@2.0.3
76 silly currentTree ├── pug-parser@2.0.1
76 silly currentTree ├── pug-runtime@2.0.2
76 silly currentTree ├── pug-strip-comments@1.0.1
76 silly currentTree ├── pug-walk@1.0.0
76 silly currentTree ├── pug@2.0.0-beta6
76 silly currentTree ├── punycode@1.4.1
76 silly currentTree ├── q@1.4.1
76 silly currentTree ├── qs@6.3.0
76 silly currentTree ├── random-bytes@1.0.0
76 silly currentTree ├── randomatic@1.1.6
76 silly currentTree ├── range-parser@1.2.0
76 silly currentTree ├── raw-body@2.1.7
76 silly currentTree ├─┬ rc@1.1.6
76 silly currentTree │ └── minimist@1.2.0
76 silly currentTree ├── read-all-stream@3.1.0
76 silly currentTree ├── read-pkg-up@1.0.1
76 silly currentTree ├── read-pkg@1.1.0
76 silly currentTree ├── readable-stream@2.2.2
76 silly currentTree ├── readline2@1.0.1
76 silly currentTree ├── rechoir@0.6.2
76 silly currentTree ├── redent@1.0.0
76 silly currentTree ├── redis-commands@1.3.0
76 silly currentTree ├── redis-parser@2.3.0
76 silly currentTree ├── redis@2.6.4
76 silly currentTree ├── regex-cache@0.4.3
76 silly currentTree ├── regexp-clone@0.0.1
76 silly currentTree ├── remove-trailing-separator@1.0.1
76 silly currentTree ├── repeat-element@1.1.2
76 silly currentTree ├── repeat-string@1.6.1
76 silly currentTree ├── repeating@2.0.1
76 silly currentTree ├── replace-ext@0.0.1
76 silly currentTree ├─┬ request-promise@2.0.1
76 silly currentTree │ └── bluebird@2.11.0
76 silly currentTree ├── request@2.79.0
76 silly currentTree ├─┬ require_optional@1.0.0
76 silly currentTree │ └── resolve-from@2.0.0
76 silly currentTree ├── require-directory@2.1.1
76 silly currentTree ├── require-main-filename@1.0.1
76 silly currentTree ├── require-uncached@1.0.3
76 silly currentTree ├── resolve-dir@0.1.1
76 silly currentTree ├── resolve-from@1.0.1
76 silly currentTree ├── resolve@1.2.0
76 silly currentTree ├── restore-cursor@1.0.1
76 silly currentTree ├── right-align@0.1.3
76 silly currentTree ├── rimraf@2.5.4
76 silly currentTree ├── robots@0.9.4
76 silly currentTree ├── run-async@0.1.0
76 silly currentTree ├── run-sequence@1.2.2
76 silly currentTree ├── rx-lite@3.1.2
76 silly currentTree ├─┬ sass-graph@2.1.2
76 silly currentTree │ ├── cliui@3.2.0
76 silly currentTree │ ├── window-size@0.2.0
76 silly currentTree │ └── yargs@4.8.1
76 silly currentTree ├── sax@1.2.1
76 silly currentTree ├─┬ seek-bzip@1.0.5
76 silly currentTree │ └── commander@2.8.1
76 silly currentTree ├── semver-regex@1.0.0
76 silly currentTree ├── semver-truncate@1.1.2
76 silly currentTree ├── semver@5.3.0
76 silly currentTree ├── send@0.14.1
76 silly currentTree ├── sendgrid-rest@2.3.0
76 silly currentTree ├── sendgrid@4.7.1
76 silly currentTree ├── sequencify@0.0.7
76 silly currentTree ├── serve-static@1.11.1
76 silly currentTree ├── set-blocking@2.0.0
76 silly currentTree ├── set-immediate-shim@1.0.1
76 silly currentTree ├── setprototypeof@1.0.2
76 silly currentTree ├── shelljs@0.5.3
76 silly currentTree ├── sigmund@1.0.1
76 silly currentTree ├── signal-exit@3.0.2
76 silly currentTree ├── simplecrawler@0.7.0
76 silly currentTree ├── sitemap-generator@4.1.1
76 silly currentTree ├── slice-ansi@0.0.4
76 silly currentTree ├── sliced@1.0.1
76 silly currentTree ├── sntp@1.0.9
76 silly currentTree ├── source-map@0.4.4
76 silly currentTree ├── sparkles@1.0.0
76 silly currentTree ├── spdx-correct@1.0.2
76 silly currentTree ├── spdx-expression-parse@1.0.4
76 silly currentTree ├── spdx-license-ids@1.2.2
76 silly currentTree ├── split@0.3.3
76 silly currentTree ├── sprintf-js@1.0.3
76 silly currentTree ├── squeak@1.3.0
76 silly currentTree ├─┬ sshpk@1.10.2
76 silly currentTree │ └── assert-plus@1.0.0
76 silly currentTree ├── stat-mode@0.2.2
76 silly currentTree ├── statuses@1.3.1
76 silly currentTree ├── stream-combiner@0.0.4
76 silly currentTree ├─┬ stream-combiner2@1.1.1
76 silly currentTree │ └── duplexer2@0.1.4
76 silly currentTree ├── stream-consume@0.1.0
76 silly currentTree ├── stream-shift@1.0.0
76 silly currentTree ├── string_decoder@0.10.31
76 silly currentTree ├── string-width@1.0.2
76 silly currentTree ├── stringstream@0.0.5
76 silly currentTree ├── strip-ansi@3.0.1
76 silly currentTree ├─┬ strip-bom-stream@1.0.0
76 silly currentTree │ └── strip-bom@2.0.0
76 silly currentTree ├── strip-bom@1.0.0
76 silly currentTree ├─┬ strip-dirs@1.1.1
76 silly currentTree │ ├── is-absolute@0.1.7
76 silly currentTree │ ├── is-relative@0.1.3
76 silly currentTree │ └── minimist@1.2.0
76 silly currentTree ├── strip-indent@1.0.1
76 silly currentTree ├── strip-json-comments@1.0.4
76 silly currentTree ├── strip-outer@1.0.0
76 silly currentTree ├── sum-up@1.0.3
76 silly currentTree ├── supports-color@0.2.0
76 silly currentTree ├─┬ svgo@0.6.6
76 silly currentTree │ └── js-yaml@3.6.1
76 silly currentTree ├── symbol-tree@3.2.1
76 silly currentTree ├─┬ table@3.8.3
76 silly currentTree │ ├── is-fullwidth-code-point@2.0.0
76 silly currentTree │ └── string-width@2.0.0
76 silly currentTree ├─┬ tar-pack@3.3.0
76 silly currentTree │ ├── once@1.3.3
76 silly currentTree │ └── readable-stream@2.1.5
76 silly currentTree ├─┬ tar-stream@1.5.2
76 silly currentTree │ ├── end-of-stream@1.1.0
76 silly currentTree │ └── once@1.3.3
76 silly currentTree ├── tar@2.2.1
76 silly currentTree ├─┬ tempfile@1.1.1
76 silly currentTree │ └── uuid@2.0.3
76 silly currentTree ├── ternary-stream@2.0.1
76 silly currentTree ├── text-hex@0.0.0
76 silly currentTree ├── text-table@0.2.0
76 silly currentTree ├── through@2.3.8
76 silly currentTree ├── through2-concurrent@1.1.1
76 silly currentTree ├── through2-filter@2.0.0
76 silly currentTree ├── through2@2.0.3
76 silly currentTree ├── tildify@1.2.0
76 silly currentTree ├── time-stamp@1.0.1
76 silly currentTree ├── timed-out@3.1.3
76 silly currentTree ├── timers-ext@0.1.0
76 silly currentTree ├── to-absolute-glob@0.1.1
76 silly currentTree ├── token-stream@0.0.1
76 silly currentTree ├── tough-cookie@2.3.2
76 silly currentTree ├── tr46@0.0.3
76 silly currentTree ├── trim-newlines@1.0.0
76 silly currentTree ├── trim-repeated@1.0.0
76 silly currentTree ├── try-json-parse@0.1.1
76 silly currentTree ├── tryit@1.0.3
76 silly currentTree ├── tunnel-agent@0.4.3
76 silly currentTree ├── tweetnacl@0.14.5
76 silly currentTree ├── type-check@0.3.2
76 silly currentTree ├── type-is@1.6.14
76 silly currentTree ├── typedarray@0.0.6
76 silly currentTree ├─┬ uglify-js@2.7.5
76 silly currentTree │ ├── async@0.2.10
76 silly currentTree │ └── source-map@0.5.6
76 silly currentTree ├── uglify-save-license@0.4.1
76 silly currentTree ├── uglify-to-browserify@1.0.2
76 silly currentTree ├── uid-number@0.0.6
76 silly currentTree ├── uid-safe@2.1.3
76 silly currentTree ├── unc-path-regex@0.1.2
76 silly currentTree ├── unique-stream@1.0.0
76 silly currentTree ├── unpipe@1.0.0
76 silly currentTree ├── unzip-response@1.0.2
76 silly currentTree ├── urijs@1.18.4
76 silly currentTree ├── url-parse-lax@1.0.0
76 silly currentTree ├── url-regex@3.2.0
76 silly currentTree ├── user-home@2.0.0
76 silly currentTree ├── util-deprecate@1.0.2
76 silly currentTree ├── utils-merge@1.0.0
76 silly currentTree ├── uuid@3.0.1
76 silly currentTree ├─┬ v8flags@2.0.11
76 silly currentTree │ └── user-home@1.1.1
76 silly currentTree ├── vali-date@1.0.0
76 silly currentTree ├── validate-npm-package-license@3.0.1
76 silly currentTree ├── validator@5.7.0
76 silly currentTree ├── vary@1.1.0
76 silly currentTree ├── verror@1.3.6
76 silly currentTree ├── vinyl-assign@1.2.1
76 silly currentTree ├─┬ vinyl-fs@0.3.14
76 silly currentTree │ ├── clone@0.2.0
76 silly currentTree │ ├── graceful-fs@3.0.11
76 silly currentTree │ ├── isarray@0.0.1
76 silly currentTree │ ├── readable-stream@1.0.34
76 silly currentTree │ ├── through2@0.6.5
76 silly currentTree │ └── vinyl@0.4.6
76 silly currentTree ├─┬ vinyl-sourcemaps-apply@0.2.1
76 silly currentTree │ └── source-map@0.5.6
76 silly currentTree ├── vinyl@0.5.3
76 silly currentTree ├── void-elements@2.0.1
76 silly currentTree ├── ware@1.3.0
76 silly currentTree ├── webidl-conversions@2.0.1
76 silly currentTree ├── whatwg-url-compat@0.6.5
76 silly currentTree ├── whet.extend@0.9.9
76 silly currentTree ├── which-module@1.0.0
76 silly currentTree ├── which@1.2.12
76 silly currentTree ├── wide-align@1.1.0
76 silly currentTree ├── window-size@0.1.0
76 silly currentTree ├─┬ with@5.1.1
76 silly currentTree │ └── acorn@3.3.0
76 silly currentTree ├── wordwrap@1.0.0
76 silly currentTree ├── wrap-ansi@2.1.0
76 silly currentTree ├─┬ wrap-fn@0.1.5
76 silly currentTree │ └── co@3.1.0
76 silly currentTree ├── wrappy@1.0.2
76 silly currentTree ├── write@0.2.1
76 silly currentTree ├── xml-name-validator@2.0.1
76 silly currentTree ├── xmlbuilder@8.2.2
76 silly currentTree ├── xtend@4.0.1
76 silly currentTree ├── y18n@3.2.1
76 silly currentTree ├── yallist@2.0.0
76 silly currentTree ├─┬ yargs-parser@2.4.1
76 silly currentTree │ └── camelcase@3.0.0
76 silly currentTree ├── yargs@3.10.0
76 silly currentTree └── yauzl@2.7.0
77 silly idealTree cambridgemechatronics-web@1.0.0
77 silly idealTree ├── abab@1.0.3
77 silly idealTree ├── abbrev@1.0.9
77 silly idealTree ├── accepts@1.3.3
77 silly idealTree ├─┬ acorn-globals@3.0.0
77 silly idealTree │ └── acorn@3.3.0
77 silly idealTree ├─┬ acorn-jsx@3.0.1
77 silly idealTree │ └── acorn@3.3.0
77 silly idealTree ├── acorn@4.0.4
77 silly idealTree ├── ajv-keywords@1.5.0
77 silly idealTree ├── ajv@4.10.4
77 silly idealTree ├── align-text@0.1.4
77 silly idealTree ├── amdefine@1.0.1
77 silly idealTree ├── ansi-escapes@1.4.0
77 silly idealTree ├── ansi-regex@2.1.1
77 silly idealTree ├── ansi-styles@2.2.1
77 silly idealTree ├── app-root-path@2.0.1
77 silly idealTree ├── aproba@1.0.4
77 silly idealTree ├── archive-type@3.2.0
77 silly idealTree ├── archy@1.0.0
77 silly idealTree ├── are-we-there-yet@1.1.2
77 silly idealTree ├── argh@0.1.4
77 silly idealTree ├── argparse@1.0.9
77 silly idealTree ├── arr-diff@2.0.0
77 silly idealTree ├── arr-flatten@1.0.1
77 silly idealTree ├── array-differ@1.0.0
77 silly idealTree ├── array-find-index@1.0.2
77 silly idealTree ├── array-flatten@1.1.1
77 silly idealTree ├── array-union@1.0.2
77 silly idealTree ├── array-uniq@1.0.3
77 silly idealTree ├── array-unique@0.2.1
77 silly idealTree ├── arrify@1.0.1
77 silly idealTree ├── asap@2.0.5
77 silly idealTree ├── asn1@0.2.3
77 silly idealTree ├── assert-plus@0.2.0
77 silly idealTree ├── async-each-series@1.1.0
77 silly idealTree ├── async-foreach@0.1.3
77 silly idealTree ├── async.ensureasync@0.5.2
77 silly idealTree ├── async.queue@0.5.2
77 silly idealTree ├── async.util.arrayeach@0.5.2
77 silly idealTree ├── async.util.ensureasync@0.5.2
77 silly idealTree ├── async.util.isarray@0.5.2
77 silly idealTree ├── async.util.map@0.5.2
77 silly idealTree ├── async.util.noop@0.5.2
77 silly idealTree ├── async.util.onlyonce@0.5.2
77 silly idealTree ├── async.util.queue@0.5.2
77 silly idealTree ├── async.util.restparam@0.5.2
77 silly idealTree ├── async.util.setimmediate@0.5.2
77 silly idealTree ├── async@1.5.2
77 silly idealTree ├── asynckit@0.4.0
77 silly idealTree ├── aws-sign2@0.6.0
77 silly idealTree ├── aws4@1.5.0
77 silly idealTree ├── balanced-match@0.4.2
77 silly idealTree ├── base64-url@1.3.3
77 silly idealTree ├── basic-auth@1.0.4
77 silly idealTree ├── bcrypt-pbkdf@1.0.0
77 silly idealTree ├── bcrypt@1.0.2
77 silly idealTree ├── beeper@1.1.1
77 silly idealTree ├── bin-build@2.2.0
77 silly idealTree ├── bin-check@2.0.0
77 silly idealTree ├─┬ bin-version-check@2.1.0
77 silly idealTree │ ├── minimist@1.2.0
77 silly idealTree │ └── semver@4.3.6
77 silly idealTree ├── bin-version@1.0.4
77 silly idealTree ├── bin-wrapper@3.0.2
77 silly idealTree ├── bindings@1.2.1
77 silly idealTree ├── bl@1.2.0
77 silly idealTree ├── block-stream@0.0.9
77 silly idealTree ├── bluebird@3.4.7
77 silly idealTree ├─┬ body-parser@1.15.2
77 silly idealTree │ └── qs@6.2.0
77 silly idealTree ├── boolbase@1.0.0
77 silly idealTree ├── boom@2.10.1
77 silly idealTree ├── bottleneck@1.15.0
77 silly idealTree ├── bower@1.8.0
77 silly idealTree ├── brace-expansion@1.1.6
77 silly idealTree ├── braces@1.8.5
77 silly idealTree ├── bson@1.0.4
77 silly idealTree ├── buffer-crc32@0.2.13
77 silly idealTree ├── buffer-shims@1.0.0
77 silly idealTree ├─┬ buffer-to-vinyl@1.1.0
77 silly idealTree │ ├── uuid@2.0.3
77 silly idealTree │ └── vinyl@1.2.0
77 silly idealTree ├── builtin-modules@1.1.1
77 silly idealTree ├── bytes@2.4.0
77 silly idealTree ├── cache-swap@0.2.3
77 silly idealTree ├── caller-path@0.1.0
77 silly idealTree ├── callsites@0.2.0
77 silly idealTree ├─┬ camelcase-keys@2.1.0
77 silly idealTree │ └── camelcase@2.1.1
77 silly idealTree ├── camelcase@1.2.1
77 silly idealTree ├── capture-stack-trace@1.0.0
77 silly idealTree ├── caseless@0.11.0
77 silly idealTree ├─┬ caw@1.2.0
77 silly idealTree │ └── object-assign@3.0.0
77 silly idealTree ├── center-align@0.1.3
77 silly idealTree ├─┬ chalk@1.1.3
77 silly idealTree │ └── supports-color@2.0.0
77 silly idealTree ├── character-parser@2.2.0
77 silly idealTree ├─┬ cheerio@0.20.0
77 silly idealTree │ ├─┬ htmlparser2@3.8.3
77 silly idealTree │ │ └── entities@1.0.0
77 silly idealTree │ ├── isarray@0.0.1
77 silly idealTree │ └── readable-stream@1.1.14
77 silly idealTree ├── circular-json@0.3.1
77 silly idealTree ├── clap@1.1.2
77 silly idealTree ├─┬ clean-css@3.4.23
77 silly idealTree │ └── commander@2.8.1
77 silly idealTree ├── cli-color@1.1.0
77 silly idealTree ├── cli-cursor@1.0.2
77 silly idealTree ├── cli-width@2.1.0
77 silly idealTree ├─┬ cliui@2.1.0
77 silly idealTree │ └── wordwrap@0.0.2
77 silly idealTree ├── clone-buffer@1.0.0
77 silly idealTree ├── clone-stats@0.0.1
77 silly idealTree ├── clone@1.0.2
77 silly idealTree ├── cloneable-readable@1.0.0
77 silly idealTree ├── co@4.6.0
77 silly idealTree ├── coa@1.0.1
77 silly idealTree ├── code-point-at@1.1.0
77 silly idealTree ├── color-convert@0.5.3
77 silly idealTree ├── color-name@1.1.1
77 silly idealTree ├── color-string@0.3.0
77 silly idealTree ├── color@0.8.0
77 silly idealTree ├── colornames@0.0.2
77 silly idealTree ├── colors@1.1.2
77 silly idealTree ├── colorspace@1.0.1
77 silly idealTree ├── combined-stream@1.0.5
77 silly idealTree ├── commander@2.9.0
77 silly idealTree ├── compressible@2.0.9
77 silly idealTree ├─┬ compression@1.6.2
77 silly idealTree │ └── bytes@2.3.0
77 silly idealTree ├── concat-map@0.0.1
77 silly idealTree ├── concat-stream@1.6.0
77 silly idealTree ├─┬ concat-with-sourcemaps@1.0.4
77 silly idealTree │ └── source-map@0.5.6
77 silly idealTree ├── config@1.24.0
77 silly idealTree ├── connect-flash@0.1.1
77 silly idealTree ├── connect-redis@3.2.0
77 silly idealTree ├── console-control-strings@1.1.0
77 silly idealTree ├── console-stream@0.1.1
77 silly idealTree ├─┬ constantinople@3.1.0
77 silly idealTree │ └── acorn@3.3.0
77 silly idealTree ├── content-disposition@0.5.1
77 silly idealTree ├── content-type@1.0.2
77 silly idealTree ├── convert-source-map@1.3.0
77 silly idealTree ├── cookie-parser@1.4.3
77 silly idealTree ├── cookie-signature@1.0.6
77 silly idealTree ├── cookie@0.3.1
77 silly idealTree ├── core-util-is@1.0.2
77 silly idealTree ├── crc@3.4.1
77 silly idealTree ├── create-error-class@3.0.2
77 silly idealTree ├── cron@1.2.1
77 silly idealTree ├─┬ cross-spawn@3.0.1
77 silly idealTree │ └── lru-cache@4.0.2
77 silly idealTree ├── cryptiles@2.0.5
77 silly idealTree ├── css-select@1.2.0
77 silly idealTree ├── css-what@2.1.0
77 silly idealTree ├─┬ csso@2.0.0
77 silly idealTree │ └── source-map@0.5.6
77 silly idealTree ├── cssom@0.3.1
77 silly idealTree ├── cssstyle@0.2.37
77 silly idealTree ├── currently-unhandled@0.4.1
77 silly idealTree ├── d@0.1.1
77 silly idealTree ├─┬ dashdash@1.14.1
77 silly idealTree │ └── assert-plus@1.0.0
77 silly idealTree ├── dateformat@2.0.0
77 silly idealTree ├── deap@1.0.0
77 silly idealTree ├── debug@2.2.0
77 silly idealTree ├── decamelize@1.2.0
77 silly idealTree ├─┬ decompress-tar@3.1.0
77 silly idealTree │ ├── clone@0.2.0
77 silly idealTree │ ├── isarray@0.0.1
77 silly idealTree │ ├── object-assign@2.1.1
77 silly idealTree │ ├── readable-stream@1.0.34
77 silly idealTree │ ├── through2@0.6.5
77 silly idealTree │ └── vinyl@0.4.6
77 silly idealTree ├─┬ decompress-tarbz2@3.1.0
77 silly idealTree │ ├── clone@0.2.0
77 silly idealTree │ ├── isarray@0.0.1
77 silly idealTree │ ├── object-assign@2.1.1
77 silly idealTree │ ├── readable-stream@1.0.34
77 silly idealTree │ ├── through2@0.6.5
77 silly idealTree │ └── vinyl@0.4.6
77 silly idealTree ├─┬ decompress-targz@3.1.0
77 silly idealTree │ ├── clone@0.2.0
77 silly idealTree │ ├── isarray@0.0.1
77 silly idealTree │ ├── object-assign@2.1.1
77 silly idealTree │ ├── readable-stream@1.0.34
77 silly idealTree │ ├── through2@0.6.5
77 silly idealTree │ └── vinyl@0.4.6
77 silly idealTree ├─┬ decompress-unzip@3.4.0
77 silly idealTree │ └── vinyl@1.2.0
77 silly idealTree ├─┬ decompress@3.0.0
77 silly idealTree │ ├── glob-parent@3.1.0
77 silly idealTree │ ├─┬ glob-stream@5.3.5
77 silly idealTree │ │ ├── readable-stream@1.0.34
77 silly idealTree │ │ └── through2@0.6.5
77 silly idealTree │ ├── glob@5.0.15
77 silly idealTree │ ├── is-extglob@2.1.1
77 silly idealTree │ ├── is-glob@3.1.0
77 silly idealTree │ ├── isarray@0.0.1
77 silly idealTree │ ├── ordered-read-streams@0.3.0
77 silly idealTree │ ├── strip-bom@2.0.0
77 silly idealTree │ ├── unique-stream@2.2.1
77 silly idealTree │ ├── vinyl-fs@2.4.4
77 silly idealTree │ └── vinyl@1.2.0
77 silly idealTree ├── deep-extend@0.4.1
77 silly idealTree ├── deep-is@0.1.3
77 silly idealTree ├── defaults@1.0.3
77 silly idealTree ├── define-properties@1.1.2
77 silly idealTree ├── del@2.2.2
77 silly idealTree ├── delayed-stream@1.0.0
77 silly idealTree ├── delegates@1.0.0
77 silly idealTree ├── depd@1.1.0
77 silly idealTree ├── deprecated@0.0.1
77 silly idealTree ├── destroy@1.0.4
77 silly idealTree ├── detect-file@0.1.0
77 silly idealTree ├── diagnostics@1.0.1
77 silly idealTree ├── doctrine@1.5.0
77 silly idealTree ├── doctypes@1.1.0
77 silly idealTree ├─┬ dom-serializer@0.1.0
77 silly idealTree │ └── domelementtype@1.1.3
77 silly idealTree ├── domelementtype@1.3.0
77 silly idealTree ├── domhandler@2.3.0
77 silly idealTree ├── domutils@1.5.1
77 silly idealTree ├── double-ended-queue@2.1.0-0
77 silly idealTree ├─┬ download@4.4.3
77 silly idealTree │ ├── glob-parent@3.1.0
77 silly idealTree │ ├─┬ glob-stream@5.3.5
77 silly idealTree │ │ ├── readable-stream@1.0.34
77 silly idealTree │ │ └── through2@0.6.5
77 silly idealTree │ ├── glob@5.0.15
77 silly idealTree │ ├── is-extglob@2.1.1
77 silly idealTree │ ├── is-glob@3.1.0
77 silly idealTree │ ├── isarray@0.0.1
77 silly idealTree │ ├── ordered-read-streams@0.3.0
77 silly idealTree │ ├── strip-bom@2.0.0
77 silly idealTree │ ├── unique-stream@2.2.1
77 silly idealTree │ ├── vinyl-fs@2.4.4
77 silly idealTree │ └── vinyl@1.2.0
77 silly idealTree ├── duplexer@0.1.1
77 silly idealTree ├─┬ duplexer2@0.0.2
77 silly idealTree │ ├── isarray@0.0.1
77 silly idealTree │ └── readable-stream@1.1.14
77 silly idealTree ├─┬ duplexify@3.5.0
77 silly idealTree │ ├── end-of-stream@1.0.0
77 silly idealTree │ └── once@1.3.3
77 silly idealTree ├── each-async@1.1.1
77 silly idealTree ├── ecc-jsbn@0.1.1
77 silly idealTree ├── ee-first@1.1.1
77 silly idealTree ├── emits@3.0.0
77 silly idealTree ├── enabled@1.0.2
77 silly idealTree ├── encodeurl@1.0.1
77 silly idealTree ├─┬ end-of-stream@0.1.5
77 silly idealTree │ └── once@1.3.3
77 silly idealTree ├── entities@1.1.1
77 silly idealTree ├── env-variable@0.0.3
77 silly idealTree ├── error-ex@1.3.0
77 silly idealTree ├── es5-ext@0.10.12
77 silly idealTree ├── es6-iterator@2.0.0
77 silly idealTree ├── es6-map@0.1.4
77 silly idealTree ├── es6-promise@3.2.1
77 silly idealTree ├── es6-set@0.1.4
77 silly idealTree ├── es6-symbol@3.1.0
77 silly idealTree ├── es6-weak-map@2.0.1
77 silly idealTree ├── escape-html@1.0.3
77 silly idealTree ├── escape-string-regexp@1.0.5
77 silly idealTree ├─┬ escodegen@1.8.1
77 silly idealTree │ ├── estraverse@1.9.3
77 silly idealTree │ └── source-map@0.2.0
77 silly idealTree ├── escope@3.6.0
77 silly idealTree ├── eslint-config-airbnb@6.1.0
77 silly idealTree ├── eslint-plugin-react@4.2.3
77 silly idealTree ├─┬ eslint@2.4.0
77 silly idealTree │ └── glob@6.0.4
77 silly idealTree ├── espree@3.3.2
77 silly idealTree ├── esprima@2.7.3
77 silly idealTree ├─┬ esrecurse@4.1.0
77 silly idealTree │ └── estraverse@4.1.1
77 silly idealTree ├── estraverse@4.2.0
77 silly idealTree ├── esutils@2.0.2
77 silly idealTree ├── etag@1.7.0
77 silly idealTree ├── event-emitter@0.3.4
77 silly idealTree ├── event-stream@3.3.4
77 silly idealTree ├── exec-buffer@2.0.1
77 silly idealTree ├── exec-series@1.0.3
77 silly idealTree ├── executable@1.1.0
77 silly idealTree ├── exit-hook@1.1.1
77 silly idealTree ├── expand-brackets@0.1.5
77 silly idealTree ├── expand-range@1.8.2
77 silly idealTree ├── expand-tilde@1.2.2
77 silly idealTree ├─┬ express-handlebars@3.0.0
77 silly idealTree │ └── glob@6.0.4
77 silly idealTree ├── express-session@1.14.2
77 silly idealTree ├─┬ express-validator@2.21.0
77 silly idealTree │ └── lodash@4.16.6
77 silly idealTree ├─┬ express@4.14.0
77 silly idealTree │ └── qs@6.2.0
77 silly idealTree ├── extend-shallow@2.0.1
77 silly idealTree ├── extend@3.0.0
77 silly idealTree ├── extglob@0.3.2
77 silly idealTree ├── extsprintf@1.0.2
77 silly idealTree ├── fancy-log@1.3.0
77 silly idealTree ├── fast-levenshtein@2.0.6
77 silly idealTree ├── fd-slicer@1.0.1
77 silly idealTree ├── figures@1.7.0
77 silly idealTree ├── file-entry-cache@1.3.1
77 silly idealTree ├── file-type@3.9.0
77 silly idealTree ├── filename-regex@2.0.0
77 silly idealTree ├── filename-reserved-regex@1.0.0
77 silly idealTree ├── filenamify@1.2.1
77 silly idealTree ├── fill-range@2.2.3
77 silly idealTree ├── finalhandler@0.5.0
77 silly idealTree ├── find-index@0.1.1
77 silly idealTree ├── find-up@1.1.2
77 silly idealTree ├── find-versions@1.2.1
77 silly idealTree ├── findup-sync@0.4.3
77 silly idealTree ├── fined@1.0.2
77 silly idealTree ├── first-chunk-stream@1.0.0
77 silly idealTree ├── flagged-respawn@0.3.2
77 silly idealTree ├── flat-cache@1.2.2
77 silly idealTree ├── for-in@0.1.6
77 silly idealTree ├── for-own@0.1.4
77 silly idealTree ├── foreach@2.0.5
77 silly idealTree ├── forever-agent@0.6.1
77 silly idealTree ├── fork-stream@0.0.4
77 silly idealTree ├── form-data@2.1.2
77 silly idealTree ├── forwarded@0.1.0
77 silly idealTree ├── fresh@0.3.0
77 silly idealTree ├── from@0.1.3
77 silly idealTree ├── fs-exists-sync@0.1.0
77 silly idealTree ├── fs.realpath@1.0.0
77 silly idealTree ├── fstream-ignore@1.0.5
77 silly idealTree ├── fstream@1.0.10
77 silly idealTree ├── function-bind@1.1.0
77 silly idealTree ├── gauge@2.7.2
77 silly idealTree ├── gaze@0.5.2
77 silly idealTree ├── generate-function@2.0.0
77 silly idealTree ├── generate-object-property@1.2.0
77 silly idealTree ├── generate-password@1.3.0
77 silly idealTree ├── get-caller-file@1.0.2
77 silly idealTree ├── get-proxy@1.1.0
77 silly idealTree ├── get-stdin@4.0.1
77 silly idealTree ├─┬ getpass@0.1.6
77 silly idealTree │ └── assert-plus@1.0.0
77 silly idealTree ├── gettemporaryfilepath@0.0.1
77 silly idealTree ├── gifsicle@3.0.4
77 silly idealTree ├── glob-base@0.3.0
77 silly idealTree ├── glob-parent@2.0.0
77 silly idealTree ├─┬ glob-stream@3.1.18
77 silly idealTree │ ├── glob@4.5.3
77 silly idealTree │ ├── isarray@0.0.1
77 silly idealTree │ ├── minimatch@2.0.10
77 silly idealTree │ ├── readable-stream@1.0.34
77 silly idealTree │ └── through2@0.6.5
77 silly idealTree ├── glob-watcher@0.0.6
77 silly idealTree ├── glob@7.1.1
77 silly idealTree ├── glob2base@0.0.12
77 silly idealTree ├── global-modules@0.2.3
77 silly idealTree ├── global-prefix@0.1.5
77 silly idealTree ├── globals@8.18.0
77 silly idealTree ├── globby@5.0.0
77 silly idealTree ├─┬ globule@0.1.0
77 silly idealTree │ ├── glob@3.1.21
77 silly idealTree │ ├── graceful-fs@1.2.3
77 silly idealTree │ ├── inherits@1.0.2
77 silly idealTree │ ├── lodash@1.0.2
77 silly idealTree │ └── minimatch@0.2.14
77 silly idealTree ├── glogg@1.0.0
77 silly idealTree ├─┬ got@5.7.1
77 silly idealTree │ └── duplexer2@0.1.4
77 silly idealTree ├── graceful-fs@4.1.11
77 silly idealTree ├── graceful-readlink@1.0.1
77 silly idealTree ├─┬ gulp-cache@0.4.5
77 silly idealTree │ └── vinyl@1.2.0
77 silly idealTree ├── gulp-clean-css@2.3.2
77 silly idealTree ├─┬ gulp-concat@2.6.1
77 silly idealTree │ ├── clone-stats@1.0.0
77 silly idealTree │ ├── replace-ext@1.0.0
77 silly idealTree │ └── vinyl@2.0.1
77 silly idealTree ├── gulp-decompress@1.2.0
77 silly idealTree ├── gulp-if@2.0.2
77 silly idealTree ├── gulp-imagemin@2.4.0
77 silly idealTree ├── gulp-match@1.0.3
77 silly idealTree ├─┬ gulp-minify-html@1.0.6
77 silly idealTree │ ├── isarray@0.0.1
77 silly idealTree │ ├── readable-stream@1.0.34
77 silly idealTree │ └── through2@0.6.5
77 silly idealTree ├── gulp-rename@1.2.2
77 silly idealTree ├── gulp-sass@2.3.2
77 silly idealTree ├─┬ gulp-sourcemaps@1.6.0
77 silly idealTree │ ├── strip-bom@2.0.0
77 silly idealTree │ └── vinyl@1.2.0
77 silly idealTree ├─┬ gulp-uglify@1.5.4
77 silly idealTree │ ├── async@0.2.10
77 silly idealTree │ ├── source-map@0.5.6
77 silly idealTree │ └── uglify-js@2.6.4
77 silly idealTree ├─┬ gulp-useref@2.1.0
77 silly idealTree │ ├── glob-parent@3.1.0
77 silly idealTree │ ├── glob-stream@5.3.5
77 silly idealTree │ ├── glob@5.0.15
77 silly idealTree │ ├── is-extglob@2.1.1
77 silly idealTree │ ├── is-glob@3.1.0
77 silly idealTree │ ├── isarray@0.0.1
77 silly idealTree │ ├─┬ ordered-read-streams@0.3.0
77 silly idealTree │ │ ├── isarray@1.0.0
77 silly idealTree │ │ └── readable-stream@2.2.2
77 silly idealTree │ ├── readable-stream@1.0.34
77 silly idealTree │ ├── strip-bom@2.0.0
77 silly idealTree │ ├── through2@0.6.5
77 silly idealTree │ ├── unique-stream@2.2.1
77 silly idealTree │ ├─┬ vinyl-fs@2.4.4
77 silly idealTree │ │ ├── isarray@1.0.0
77 silly idealTree │ │ ├── readable-stream@2.2.2
77 silly idealTree │ │ └── through2@2.0.3
77 silly idealTree │ └── vinyl@1.2.0
77 silly idealTree ├─┬ gulp-util@3.0.8
77 silly idealTree │ ├── minimist@1.2.0
77 silly idealTree │ └── object-assign@3.0.0
77 silly idealTree ├─┬ gulp@3.9.1
77 silly idealTree │ ├── minimist@1.2.0
77 silly idealTree │ └── semver@4.3.6
77 silly idealTree ├── gulplog@1.0.0
77 silly idealTree ├── hammerjs@2.0.8
77 silly idealTree ├── handlebars@4.0.6
77 silly idealTree ├── har-validator@2.0.6
77 silly idealTree ├── has-ansi@2.0.0
77 silly idealTree ├── has-gulplog@0.1.0
77 silly idealTree ├── has-unicode@2.0.1
77 silly idealTree ├── hawk@3.1.3
77 silly idealTree ├── hoek@2.16.3
77 silly idealTree ├── homedir-polyfill@1.0.1
77 silly idealTree ├── hooks-fixed@1.2.0
77 silly idealTree ├── hosted-git-info@2.1.5
77 silly idealTree ├── htmlparser2@3.9.2
77 silly idealTree ├── http-errors@1.5.1
77 silly idealTree ├── http-signature@1.1.1
77 silly idealTree ├── iconv-lite@0.4.13
77 silly idealTree ├── ignore@2.2.19
77 silly idealTree ├─┬ imagemin-gifsicle@4.2.0
77 silly idealTree │ ├── isarray@0.0.1
77 silly idealTree │ ├── readable-stream@1.0.34
77 silly idealTree │ └── through2@0.6.5
77 silly idealTree ├── imagemin-jpegtran@4.3.2
77 silly idealTree ├─┬ imagemin-optipng@4.3.0
77 silly idealTree │ ├── isarray@0.0.1
77 silly idealTree │ ├── readable-stream@1.0.34
77 silly idealTree │ └── through2@0.6.5
77 silly idealTree ├── imagemin-svgo@4.2.1
77 silly idealTree ├─┬ imagemin@4.0.0
77 silly idealTree │ ├── glob-parent@3.1.0
77 silly idealTree │ ├─┬ glob-stream@5.3.5
77 silly idealTree │ │ ├── readable-stream@1.0.34
77 silly idealTree │ │ └── through2@0.6.5
77 silly idealTree │ ├── glob@5.0.15
77 silly idealTree │ ├── is-extglob@2.1.1
77 silly idealTree │ ├── is-glob@3.1.0
77 silly idealTree │ ├── isarray@0.0.1
77 silly idealTree │ ├── ordered-read-streams@0.3.0
77 silly idealTree │ ├── strip-bom@2.0.0
77 silly idealTree │ ├── unique-stream@2.2.1
77 silly idealTree │ ├── vinyl-fs@2.4.4
77 silly idealTree │ └── vinyl@1.2.0
77 silly idealTree ├── in-publish@2.0.0
77 silly idealTree ├── indent-string@2.1.0
77 silly idealTree ├── inflight@1.0.6
77 silly idealTree ├── inherits@2.0.3
77 silly idealTree ├── ini@1.3.4
77 silly idealTree ├── inquirer@0.12.0
77 silly idealTree ├── interpret@1.0.1
77 silly idealTree ├── invert-kv@1.0.0
77 silly idealTree ├── ip-regex@1.0.3
77 silly idealTree ├── ipaddr.js@1.2.0
77 silly idealTree ├── irregular-plurals@1.2.0
77 silly idealTree ├── is-absolute-url@1.0.0
77 silly idealTree ├── is-absolute@0.2.6
77 silly idealTree ├── is-arrayish@0.2.1
77 silly idealTree ├── is-buffer@1.1.4
77 silly idealTree ├── is-builtin-module@1.0.0
77 silly idealTree ├── is-bzip2@1.0.0
77 silly idealTree ├── is-dotfile@1.0.2
77 silly idealTree ├── is-equal-shallow@0.1.3
77 silly idealTree ├─┬ is-expression@2.1.0
77 silly idealTree │ └── acorn@3.3.0
77 silly idealTree ├── is-extendable@0.1.1
77 silly idealTree ├── is-extglob@1.0.0
77 silly idealTree ├── is-finite@1.0.2
77 silly idealTree ├── is-fullwidth-code-point@1.0.0
77 silly idealTree ├── is-gif@1.0.0
77 silly idealTree ├── is-glob@2.0.1
77 silly idealTree ├── is-gzip@1.0.0
77 silly idealTree ├── is-jpg@1.0.0
77 silly idealTree ├── is-my-json-valid@2.15.0
77 silly idealTree ├── is-natural-number@2.1.1
77 silly idealTree ├── is-number@2.1.0
77 silly idealTree ├── is-obj@1.0.1
77 silly idealTree ├── is-path-cwd@1.0.0
77 silly idealTree ├── is-path-in-cwd@1.0.0
77 silly idealTree ├── is-path-inside@1.0.0
77 silly idealTree ├── is-png@1.0.0
77 silly idealTree ├── is-posix-bracket@0.1.1
77 silly idealTree ├── is-primitive@2.0.0
77 silly idealTree ├── is-promise@2.1.0
77 silly idealTree ├── is-property@1.0.2
77 silly idealTree ├── is-redirect@1.0.0
77 silly idealTree ├── is-regex@1.0.3
77 silly idealTree ├── is-relative-url@1.0.0
77 silly idealTree ├── is-relative@0.2.1
77 silly idealTree ├── is-resolvable@1.0.0
77 silly idealTree ├── is-retry-allowed@1.1.0
77 silly idealTree ├── is-stream@1.1.0
77 silly idealTree ├── is-svg@1.1.1
77 silly idealTree ├── is-tar@1.0.0
77 silly idealTree ├── is-typedarray@1.0.0
77 silly idealTree ├── is-unc-path@0.1.2
77 silly idealTree ├── is-url@1.2.2
77 silly idealTree ├── is-utf8@0.2.1
77 silly idealTree ├── is-valid-glob@0.3.0
77 silly idealTree ├── is-windows@0.2.0
77 silly idealTree ├── is-zip@1.0.0
77 silly idealTree ├── isarray@1.0.0
77 silly idealTree ├── isexe@1.1.2
77 silly idealTree ├── isobject@2.1.0
77 silly idealTree ├── isstream@0.1.2
77 silly idealTree ├── jodid25519@1.0.2
77 silly idealTree ├── jpegtran-bin@3.2.0
77 silly idealTree ├── js-stringify@1.0.2
77 silly idealTree ├── js-yaml@3.7.0
77 silly idealTree ├── jsbn@0.1.0
77 silly idealTree ├─┬ jsdom@7.2.2
77 silly idealTree │ ├── acorn-globals@1.0.9
77 silly idealTree │ └── acorn@2.7.0
77 silly idealTree ├── json-schema@0.2.3
77 silly idealTree ├── json-stable-stringify@1.0.1
77 silly idealTree ├── json-stringify-safe@5.0.1
77 silly idealTree ├── json5@0.4.0
77 silly idealTree ├── jsonify@0.0.0
77 silly idealTree ├── jsonpointer@4.0.1
77 silly idealTree ├── jsprim@1.3.1
77 silly idealTree ├── jstransformer@1.0.0
77 silly idealTree ├── kareem@1.2.0
77 silly idealTree ├── kind-of@3.1.0
77 silly idealTree ├── kuler@0.0.0
77 silly idealTree ├── lazy-cache@1.0.4
77 silly idealTree ├── lazy-req@1.1.0
77 silly idealTree ├── lazystream@1.0.0
77 silly idealTree ├── lcid@1.0.0
77 silly idealTree ├── levn@0.3.0
77 silly idealTree ├── liftoff@2.3.0
77 silly idealTree ├─┬ load-json-file@1.1.0
77 silly idealTree │ └── strip-bom@2.0.0
77 silly idealTree ├── lodash._basecopy@3.0.1
77 silly idealTree ├── lodash._basetostring@3.0.1
77 silly idealTree ├── lodash._basevalues@3.0.0
77 silly idealTree ├── lodash._getnative@3.9.1
77 silly idealTree ├── lodash._isiterateecall@3.0.9
77 silly idealTree ├── lodash._reescape@3.0.0
77 silly idealTree ├── lodash._reevaluate@3.0.0
77 silly idealTree ├── lodash._reinterpolate@3.0.0
77 silly idealTree ├── lodash._root@3.0.1
77 silly idealTree ├── lodash.assign@4.2.0
77 silly idealTree ├── lodash.assignwith@4.2.0
77 silly idealTree ├── lodash.chunk@4.2.0
77 silly idealTree ├── lodash.clonedeep@4.5.0
77 silly idealTree ├── lodash.escape@3.2.0
77 silly idealTree ├── lodash.forin@4.4.0
77 silly idealTree ├── lodash.isarguments@3.1.0
77 silly idealTree ├── lodash.isarray@3.0.4
77 silly idealTree ├── lodash.isempty@4.4.0
77 silly idealTree ├── lodash.isequal@4.5.0
77 silly idealTree ├── lodash.isplainobject@4.0.6
77 silly idealTree ├── lodash.isstring@4.0.1
77 silly idealTree ├── lodash.keys@3.1.2
77 silly idealTree ├── lodash.mapvalues@4.6.0
77 silly idealTree ├── lodash.pick@4.4.0
77 silly idealTree ├── lodash.restparam@3.6.1
77 silly idealTree ├── lodash.template@3.6.2
77 silly idealTree ├── lodash.templatesettings@3.1.1
77 silly idealTree ├── lodash@4.17.4
77 silly idealTree ├── logalot@2.1.0
77 silly idealTree ├── longest@1.0.1
77 silly idealTree ├── loud-rejection@1.6.0
77 silly idealTree ├── lowercase-keys@1.0.0
77 silly idealTree ├── lpad-align@1.1.0
77 silly idealTree ├── lpad@2.0.1
77 silly idealTree ├── lru-cache@2.7.3
77 silly idealTree ├── lru-queue@0.1.0
77 silly idealTree ├── map-cache@0.2.2
77 silly idealTree ├── map-obj@1.0.1
77 silly idealTree ├── map-stream@0.1.0
77 silly idealTree ├── media-typer@0.3.0
77 silly idealTree ├── memoizeasync@0.0.1
77 silly idealTree ├─┬ memoizee@0.3.10
77 silly idealTree │ ├── es6-iterator@0.1.3
77 silly idealTree │ ├── es6-symbol@2.0.1
77 silly idealTree │ └── es6-weak-map@0.1.4
77 silly idealTree ├─┬ meow@3.7.0
77 silly idealTree │ └── minimist@1.2.0
77 silly idealTree ├── merge-descriptors@1.0.1
77 silly idealTree ├── merge-stream@1.0.1
77 silly idealTree ├── methods@1.1.2
77 silly idealTree ├── micromatch@2.3.11
77 silly idealTree ├── mime-db@1.26.0
77 silly idealTree ├── mime-types@2.1.14
77 silly idealTree ├── mime@1.3.4
77 silly idealTree ├── minimatch@3.0.3
77 silly idealTree ├── minimist@0.0.8
77 silly idealTree ├─┬ minimize@1.8.1
77 silly idealTree │ └── node-uuid@1.4.7
77 silly idealTree ├── mkdirp@0.5.1
77 silly idealTree ├── moment-timezone@0.5.11
77 silly idealTree ├── moment@2.17.1
77 silly idealTree ├── mongodb-core@2.1.2
77 silly idealTree ├─┬ mongodb@2.2.16
77 silly idealTree │ └── readable-stream@2.1.5
77 silly idealTree ├─┬ mongoose@4.7.6
77 silly idealTree │ ├── async@2.1.4
77 silly idealTree │ └── ms@0.7.2
77 silly idealTree ├── morgan@1.7.0
77 silly idealTree ├── mpath@0.2.1
77 silly idealTree ├── mpromise@0.5.5
77 silly idealTree ├─┬ mquery@2.0.0
77 silly idealTree │ ├── bluebird@2.10.2
77 silly idealTree │ └── sliced@0.0.5
77 silly idealTree ├── ms@0.7.1
77 silly idealTree ├── multipipe@0.1.2
77 silly idealTree ├── muri@1.1.1
77 silly idealTree ├── mute-stream@0.0.5
77 silly idealTree ├── nan@2.5.0
77 silly idealTree ├── natives@1.1.0
77 silly idealTree ├── negotiator@0.6.1
77 silly idealTree ├── next-tick@0.2.2
77 silly idealTree ├── node-gyp@3.5.0
77 silly idealTree ├── node-pre-gyp@0.6.32
77 silly idealTree ├─┬ node-sass@3.13.1
77 silly idealTree │ ├── gaze@1.1.2
77 silly idealTree │ ├── globule@1.1.0
77 silly idealTree │ └── lodash@4.16.6
77 silly idealTree ├── node-status-codes@1.0.0
77 silly idealTree ├── node-useref@0.3.15
77 silly idealTree ├── nopt@3.0.6
77 silly idealTree ├── normalize-package-data@2.3.5
77 silly idealTree ├── normalize-path@2.0.1
77 silly idealTree ├── npmlog@4.0.2
77 silly idealTree ├── nth-check@1.0.1
77 silly idealTree ├── number-is-nan@1.0.1
77 silly idealTree ├── nwmatcher@1.3.9
77 silly idealTree ├── oauth-sign@0.8.2
77 silly idealTree ├── object-assign@4.1.0
77 silly idealTree ├── object-keys@1.0.11
77 silly idealTree ├── object.assign@4.0.4
77 silly idealTree ├── object.omit@2.0.1
77 silly idealTree ├── object.pick@1.2.0
77 silly idealTree ├── on-finished@2.3.0
77 silly idealTree ├── on-headers@1.0.1
77 silly idealTree ├── once@1.4.0
77 silly idealTree ├── onetime@1.1.0
77 silly idealTree ├─┬ optimist@0.6.1
77 silly idealTree │ └── wordwrap@0.0.3
77 silly idealTree ├── optional@0.1.3
77 silly idealTree ├── optionator@0.8.2
77 silly idealTree ├── optipng-bin@3.1.2
77 silly idealTree ├─┬ optipng@1.0.0
77 silly idealTree │ ├── optipng-bin@3.0.2
77 silly idealTree │ └── which@1.0.5
77 silly idealTree ├── orchestrator@0.3.8
77 silly idealTree ├── ordered-read-streams@0.1.0
77 silly idealTree ├── os-filter-obj@1.0.3
77 silly idealTree ├── os-homedir@1.0.2
77 silly idealTree ├── os-locale@1.4.0
77 silly idealTree ├── os-tmpdir@1.0.2
77 silly idealTree ├── osenv@0.1.4
77 silly idealTree ├── parse-filepath@1.0.1
77 silly idealTree ├── parse-glob@3.0.4
77 silly idealTree ├── parse-json@2.2.0
77 silly idealTree ├── parse-passwd@1.0.0
77 silly idealTree ├── parse5@1.5.1
77 silly idealTree ├── parseurl@1.3.1
77 silly idealTree ├── path-dirname@1.0.2
77 silly idealTree ├── path-exists@2.1.0
77 silly idealTree ├── path-is-absolute@1.0.1
77 silly idealTree ├── path-is-inside@1.0.2
77 silly idealTree ├── path-root-regex@0.1.2
77 silly idealTree ├── path-root@0.1.1
77 silly idealTree ├── path-to-regexp@0.1.7
77 silly idealTree ├── path-type@1.1.0
77 silly idealTree ├── pause-stream@0.0.11
77 silly idealTree ├── pend@1.2.0
77 silly idealTree ├── pify@2.3.0
77 silly idealTree ├── pinkie-promise@2.0.1
77 silly idealTree ├── pinkie@2.0.4
77 silly idealTree ├── plur@2.1.2
77 silly idealTree ├── pluralize@1.2.1
77 silly idealTree ├── prelude-ls@1.1.2
77 silly idealTree ├── prepend-http@1.0.4
77 silly idealTree ├── preserve@0.2.0
77 silly idealTree ├── pretty-bytes@2.0.1
77 silly idealTree ├── pretty-hrtime@1.0.3
77 silly idealTree ├── prismic.io@3.3.1
77 silly idealTree ├── process-nextick-args@1.0.7
77 silly idealTree ├── progress@1.1.8
77 silly idealTree ├── promise@7.1.1
77 silly idealTree ├── proxy-addr@1.1.3
77 silly idealTree ├── pseudomap@1.0.2
77 silly idealTree ├── pug-attrs@2.0.1
77 silly idealTree ├── pug-code-gen@1.1.0
77 silly idealTree ├── pug-error@1.3.1
77 silly idealTree ├── pug-filters@1.2.4
77 silly idealTree ├─┬ pug-lexer@2.3.0
77 silly idealTree │ └── is-expression@3.0.0
77 silly idealTree ├── pug-linker@1.0.1
77 silly idealTree ├── pug-load@2.0.3
77 silly idealTree ├── pug-parser@2.0.1
77 silly idealTree ├── pug-runtime@2.0.2
77 silly idealTree ├── pug-strip-comments@1.0.1
77 silly idealTree ├── pug-walk@1.0.0
77 silly idealTree ├── pug@2.0.0-beta6
77 silly idealTree ├── punycode@1.4.1
77 silly idealTree ├── q@1.4.1
77 silly idealTree ├── qs@6.3.0
77 silly idealTree ├── random-bytes@1.0.0
77 silly idealTree ├── randomatic@1.1.6
77 silly idealTree ├── range-parser@1.2.0
77 silly idealTree ├── raw-body@2.1.7
77 silly idealTree ├─┬ rc@1.1.6
77 silly idealTree │ └── minimist@1.2.0
77 silly idealTree ├── read-all-stream@3.1.0
77 silly idealTree ├── read-pkg-up@1.0.1
77 silly idealTree ├── read-pkg@1.1.0
77 silly idealTree ├── readable-stream@2.2.2
77 silly idealTree ├── readline2@1.0.1
77 silly idealTree ├── rechoir@0.6.2
77 silly idealTree ├── redent@1.0.0
77 silly idealTree ├── redis-commands@1.3.0
77 silly idealTree ├── redis-parser@2.3.0
77 silly idealTree ├── redis@2.6.4
77 silly idealTree ├── regex-cache@0.4.3
77 silly idealTree ├── regexp-clone@0.0.1
77 silly idealTree ├── remove-trailing-separator@1.0.1
77 silly idealTree ├── repeat-element@1.1.2
77 silly idealTree ├── repeat-string@1.6.1
77 silly idealTree ├── repeating@2.0.1
77 silly idealTree ├── replace-ext@0.0.1
77 silly idealTree ├─┬ request-promise@2.0.1
77 silly idealTree │ └── bluebird@2.11.0
77 silly idealTree ├── request@2.79.0
77 silly idealTree ├─┬ require_optional@1.0.0
77 silly idealTree │ └── resolve-from@2.0.0
77 silly idealTree ├── require-directory@2.1.1
77 silly idealTree ├── require-main-filename@1.0.1
77 silly idealTree ├── require-uncached@1.0.3
77 silly idealTree ├── resolve-dir@0.1.1
77 silly idealTree ├── resolve-from@1.0.1
77 silly idealTree ├── resolve@1.2.0
77 silly idealTree ├── restore-cursor@1.0.1
77 silly idealTree ├── right-align@0.1.3
77 silly idealTree ├── rimraf@2.5.4
77 silly idealTree ├── robots@0.9.4
77 silly idealTree ├── run-async@0.1.0
77 silly idealTree ├── run-sequence@1.2.2
77 silly idealTree ├── rx-lite@3.1.2
77 silly idealTree ├─┬ sass-graph@2.1.2
77 silly idealTree │ ├── cliui@3.2.0
77 silly idealTree │ ├── window-size@0.2.0
77 silly idealTree │ └── yargs@4.8.1
77 silly idealTree ├── sax@1.2.1
77 silly idealTree ├─┬ seek-bzip@1.0.5
77 silly idealTree │ └── commander@2.8.1
77 silly idealTree ├── semver-regex@1.0.0
77 silly idealTree ├── semver-truncate@1.1.2
77 silly idealTree ├── semver@5.3.0
77 silly idealTree ├── send@0.14.1
77 silly idealTree ├── sendgrid-rest@2.3.0
77 silly idealTree ├── sendgrid@4.7.1
77 silly idealTree ├── sequencify@0.0.7
77 silly idealTree ├── serve-static@1.11.1
77 silly idealTree ├── set-blocking@2.0.0
77 silly idealTree ├── set-immediate-shim@1.0.1
77 silly idealTree ├── setprototypeof@1.0.2
77 silly idealTree ├── shelljs@0.5.3
77 silly idealTree ├── sigmund@1.0.1
77 silly idealTree ├── signal-exit@3.0.2
77 silly idealTree ├── simplecrawler@0.7.0
77 silly idealTree ├── sitemap-generator@4.1.1
77 silly idealTree ├── slice-ansi@0.0.4
77 silly idealTree ├── sliced@1.0.1
77 silly idealTree ├── sntp@1.0.9
77 silly idealTree ├── source-map@0.4.4
77 silly idealTree ├── sparkles@1.0.0
77 silly idealTree ├── spdx-correct@1.0.2
77 silly idealTree ├── spdx-expression-parse@1.0.4
77 silly idealTree ├── spdx-license-ids@1.2.2
77 silly idealTree ├── split@0.3.3
77 silly idealTree ├── sprintf-js@1.0.3
77 silly idealTree ├── squeak@1.3.0
77 silly idealTree ├─┬ sshpk@1.10.2
77 silly idealTree │ └── assert-plus@1.0.0
77 silly idealTree ├── stat-mode@0.2.2
77 silly idealTree ├── statuses@1.3.1
77 silly idealTree ├── stream-combiner@0.0.4
77 silly idealTree ├─┬ stream-combiner2@1.1.1
77 silly idealTree │ └── duplexer2@0.1.4
77 silly idealTree ├── stream-consume@0.1.0
77 silly idealTree ├── stream-shift@1.0.0
77 silly idealTree ├── string_decoder@0.10.31
77 silly idealTree ├── string-width@1.0.2
77 silly idealTree ├── stringstream@0.0.5
77 silly idealTree ├── strip-ansi@3.0.1
77 silly idealTree ├─┬ strip-bom-stream@1.0.0
77 silly idealTree │ └── strip-bom@2.0.0
77 silly idealTree ├── strip-bom@1.0.0
77 silly idealTree ├─┬ strip-dirs@1.1.1
77 silly idealTree │ ├── is-absolute@0.1.7
77 silly idealTree │ ├── is-relative@0.1.3
77 silly idealTree │ └── minimist@1.2.0
77 silly idealTree ├── strip-indent@1.0.1
77 silly idealTree ├── strip-json-comments@1.0.4
77 silly idealTree ├── strip-outer@1.0.0
77 silly idealTree ├── sum-up@1.0.3
77 silly idealTree ├── supports-color@0.2.0
77 silly idealTree ├─┬ svgo@0.6.6
77 silly idealTree │ └── js-yaml@3.6.1
77 silly idealTree ├── symbol-tree@3.2.1
77 silly idealTree ├─┬ table@3.8.3
77 silly idealTree │ ├── is-fullwidth-code-point@2.0.0
77 silly idealTree │ └── string-width@2.0.0
77 silly idealTree ├─┬ tar-pack@3.3.0
77 silly idealTree │ ├── once@1.3.3
77 silly idealTree │ └── readable-stream@2.1.5
77 silly idealTree ├─┬ tar-stream@1.5.2
77 silly idealTree │ ├── end-of-stream@1.1.0
77 silly idealTree │ └── once@1.3.3
77 silly idealTree ├── tar@2.2.1
77 silly idealTree ├─┬ tempfile@1.1.1
77 silly idealTree │ └── uuid@2.0.3
77 silly idealTree ├── ternary-stream@2.0.1
77 silly idealTree ├── text-hex@0.0.0
77 silly idealTree ├── text-table@0.2.0
77 silly idealTree ├── through@2.3.8
77 silly idealTree ├── through2-concurrent@1.1.1
77 silly idealTree ├── through2-filter@2.0.0
77 silly idealTree ├── through2@2.0.3
77 silly idealTree ├── tildify@1.2.0
77 silly idealTree ├── time-stamp@1.0.1
77 silly idealTree ├── timed-out@3.1.3
77 silly idealTree ├── timers-ext@0.1.0
77 silly idealTree ├── to-absolute-glob@0.1.1
77 silly idealTree ├── token-stream@0.0.1
77 silly idealTree ├── tough-cookie@2.3.2
77 silly idealTree ├── tr46@0.0.3
77 silly idealTree ├── trim-newlines@1.0.0
77 silly idealTree ├── trim-repeated@1.0.0
77 silly idealTree ├── try-json-parse@0.1.1
77 silly idealTree ├── tryit@1.0.3
77 silly idealTree ├── tunnel-agent@0.4.3
77 silly idealTree ├── tweetnacl@0.14.5
77 silly idealTree ├── type-check@0.3.2
77 silly idealTree ├── type-is@1.6.14
77 silly idealTree ├── typedarray@0.0.6
77 silly idealTree ├─┬ uglify-js@2.7.5
77 silly idealTree │ ├── async@0.2.10
77 silly idealTree │ └── source-map@0.5.6
77 silly idealTree ├── uglify-save-license@0.4.1
77 silly idealTree ├── uglify-to-browserify@1.0.2
77 silly idealTree ├── uid-number@0.0.6
77 silly idealTree ├── uid-safe@2.1.3
77 silly idealTree ├── unc-path-regex@0.1.2
77 silly idealTree ├── unique-stream@1.0.0
77 silly idealTree ├── unpipe@1.0.0
77 silly idealTree ├── unzip-response@1.0.2
77 silly idealTree ├── urijs@1.18.4
77 silly idealTree ├── url-parse-lax@1.0.0
77 silly idealTree ├── url-regex@3.2.0
77 silly idealTree ├── user-home@2.0.0
77 silly idealTree ├── util-deprecate@1.0.2
77 silly idealTree ├── utils-merge@1.0.0
77 silly idealTree ├── uuid@3.0.1
77 silly idealTree ├─┬ v8flags@2.0.11
77 silly idealTree │ └── user-home@1.1.1
77 silly idealTree ├── vali-date@1.0.0
77 silly idealTree ├── validate-npm-package-license@3.0.1
77 silly idealTree ├── validator@5.7.0
77 silly idealTree ├── vary@1.1.0
77 silly idealTree ├── verror@1.3.6
77 silly idealTree ├── vinyl-assign@1.2.1
77 silly idealTree ├─┬ vinyl-fs@0.3.14
77 silly idealTree │ ├── clone@0.2.0
77 silly idealTree │ ├── graceful-fs@3.0.11
77 silly idealTree │ ├── isarray@0.0.1
77 silly idealTree │ ├── readable-stream@1.0.34
77 silly idealTree │ ├── through2@0.6.5
77 silly idealTree │ └── vinyl@0.4.6
77 silly idealTree ├─┬ vinyl-sourcemaps-apply@0.2.1
77 silly idealTree │ └── source-map@0.5.6
77 silly idealTree ├── vinyl@0.5.3
77 silly idealTree ├── void-elements@2.0.1
77 silly idealTree ├── ware@1.3.0
77 silly idealTree ├── webidl-conversions@2.0.1
77 silly idealTree ├── whatwg-url-compat@0.6.5
77 silly idealTree ├── whet.extend@0.9.9
77 silly idealTree ├── which-module@1.0.0
77 silly idealTree ├── which@1.2.12
77 silly idealTree ├── wide-align@1.1.0
77 silly idealTree ├── window-size@0.1.0
77 silly idealTree ├─┬ with@5.1.1
77 silly idealTree │ └── acorn@3.3.0
77 silly idealTree ├── wordwrap@1.0.0
77 silly idealTree ├── wrap-ansi@2.1.0
77 silly idealTree ├─┬ wrap-fn@0.1.5
77 silly idealTree │ └── co@3.1.0
77 silly idealTree ├── wrappy@1.0.2
77 silly idealTree ├── write@0.2.1
77 silly idealTree ├── xml-name-validator@2.0.1
77 silly idealTree ├── xmlbuilder@8.2.2
77 silly idealTree ├── xtend@4.0.1
77 silly idealTree ├── y18n@3.2.1
77 silly idealTree ├── yallist@2.0.0
77 silly idealTree ├─┬ yargs-parser@2.4.1
77 silly idealTree │ └── camelcase@3.0.0
77 silly idealTree ├── yargs@3.10.0
77 silly idealTree └── yauzl@2.7.0
78 silly generateActionsToTake Starting
79 silly install generateActionsToTake
80 silly generateActionsToTake Finishing
81 silly diffTrees action count 1
82 silly diffTrees add generate-password@1.3.0
83 silly decomposeActions action count 8
84 silly decomposeActions fetch generate-password@1.3.0
85 silly decomposeActions extract generate-password@1.3.0
86 silly decomposeActions test generate-password@1.3.0
87 silly decomposeActions preinstall generate-password@1.3.0
88 silly decomposeActions build generate-password@1.3.0
89 silly decomposeActions install generate-password@1.3.0
90 silly decomposeActions postinstall generate-password@1.3.0
91 silly decomposeActions finalize generate-password@1.3.0
92 silly runTopLevelLifecycles Starting
93 silly install runPreinstallTopLevelLifecycles
94 silly preinstall cambridgemechatronics-web@1.0.0 /Users/axelhunter/Development/cambridgemechatronics-web/cambridgemechatronics-web-bcf8ae0f
95 info lifecycle cambridgemechatronics-web@1.0.0~preinstall: cambridgemechatronics-web@1.0.0
96 silly lifecycle cambridgemechatronics-web@1.0.0~preinstall: no script for preinstall, continuing
97 silly executeActions Starting
98 silly install executeActions
99 silly doSerial global-install 0
100 silly doParallel fetch 1
101 verbose correctMkdir /Users/axelhunter/.npm/_locks correctMkdir not in flight; initializing
102 verbose lock using /Users/axelhunter/.npm/_locks/staging-87cbcfd81f979a1c.lock for /Users/axelhunter/Development/cambridgemechatronics-web/node_modules/.staging
103 silly doParallel extract 1
104 silly extract generate-password@1.3.0
105 verbose unbuild node_modules/.staging/generate-password-fd4a8be0
106 silly gentlyRm /Users/axelhunter/Development/cambridgemechatronics-web/node_modules/.staging/generate-password-fd4a8be0 is being purged from base /Users/axelhunter/Development/cambridgemechatronics-web
107 verbose gentlyRm don't care about contents; nuking /Users/axelhunter/Development/cambridgemechatronics-web/node_modules/.staging/generate-password-fd4a8be0
108 verbose tar unpack /Users/axelhunter/.npm/generate-password/1.3.0/package.tgz
109 verbose tar unpacking to /Users/axelhunter/Development/cambridgemechatronics-web/node_modules/.staging/generate-password-fd4a8be0
110 silly gentlyRm /Users/axelhunter/Development/cambridgemechatronics-web/node_modules/.staging/generate-password-fd4a8be0 is being purged
111 verbose gentlyRm don't care about contents; nuking /Users/axelhunter/Development/cambridgemechatronics-web/node_modules/.staging/generate-password-fd4a8be0
112 silly gunzTarPerm modes [ '755', '644' ]
113 silly gunzTarPerm extractEntry package.json
114 silly gunzTarPerm extractEntry .npmignore
115 silly gunzTarPerm extractEntry README.md
116 silly gunzTarPerm extractEntry LICENSE
117 silly gunzTarPerm extractEntry example.js
118 silly gunzTarPerm extractEntry main.js
119 silly gunzTarPerm extractEntry .travis.yml
120 silly gunzTarPerm extractEntry CHANGELOG.md
121 silly gunzTarPerm extractEntry src/generate.js
122 silly gunzTarPerm extractEntry .eslintrc.yml
123 silly gunzTarPerm extractEntry test/generator.js
124 silly gunzTarPerm extractEntry test/coverage.sh
125 silly gentlyRm /Users/axelhunter/Development/cambridgemechatronics-web/node_modules/.staging/generate-password-fd4a8be0/node_modules is being purged
126 verbose gentlyRm don't care about contents; nuking /Users/axelhunter/Development/cambridgemechatronics-web/node_modules/.staging/generate-password-fd4a8be0/node_modules
127 silly doParallel preinstall 1
128 silly preinstall generate-password@1.3.0 /Users/axelhunter/Development/cambridgemechatronics-web/node_modules/.staging/generate-password-fd4a8be0
129 info lifecycle generate-password@1.3.0~preinstall: generate-password@1.3.0
130 silly lifecycle generate-password@1.3.0~preinstall: no script for preinstall, continuing
131 silly doReverseSerial remove 0
132 silly doSerial move 0
133 silly doSerial finalize 1
134 silly finalize /Users/axelhunter/Development/cambridgemechatronics-web/node_modules/generate-password
135 silly doSerial build 1
136 silly build generate-password@1.3.0
137 info linkStuff generate-password@1.3.0
138 silly linkStuff generate-password@1.3.0 has /Users/axelhunter/Development/cambridgemechatronics-web/node_modules as its parent node_modules
139 verbose linkBins generate-password@1.3.0
140 verbose linkMans generate-password@1.3.0
141 silly doSerial global-link 0
142 silly doParallel update-linked 0
143 silly doSerial install 1
144 silly install generate-password@1.3.0 /Users/axelhunter/Development/cambridgemechatronics-web/node_modules/.staging/generate-password-fd4a8be0
145 info lifecycle generate-password@1.3.0~install: generate-password@1.3.0
146 silly lifecycle generate-password@1.3.0~install: no script for install, continuing
147 silly doSerial postinstall 1
148 silly postinstall generate-password@1.3.0 /Users/axelhunter/Development/cambridgemechatronics-web/node_modules/.staging/generate-password-fd4a8be0
149 info lifecycle generate-password@1.3.0~postinstall: generate-password@1.3.0
150 silly lifecycle generate-password@1.3.0~postinstall: no script for postinstall, continuing
151 verbose unlock done using /Users/axelhunter/.npm/_locks/staging-87cbcfd81f979a1c.lock for /Users/axelhunter/Development/cambridgemechatronics-web/node_modules/.staging
152 silly executeActions Finishing
153 silly rollbackFailedOptional Starting
154 silly rollbackFailedOptional Finishing
155 silly install runPostinstallTopLevelLifecycles
156 silly build cambridgemechatronics-web@1.0.0
157 info linkStuff cambridgemechatronics-web@1.0.0
158 silly linkStuff cambridgemechatronics-web@1.0.0 has /Users/axelhunter/Development as its parent node_modules
159 verbose linkBins cambridgemechatronics-web@1.0.0
160 verbose linkMans cambridgemechatronics-web@1.0.0
161 silly install cambridgemechatronics-web@1.0.0 /Users/axelhunter/Development/cambridgemechatronics-web/cambridgemechatronics-web-bcf8ae0f
162 info lifecycle cambridgemechatronics-web@1.0.0~install: cambridgemechatronics-web@1.0.0
163 silly lifecycle cambridgemechatronics-web@1.0.0~install: no script for install, continuing
164 silly postinstall cambridgemechatronics-web@1.0.0 /Users/axelhunter/Development/cambridgemechatronics-web/cambridgemechatronics-web-bcf8ae0f
165 info lifecycle cambridgemechatronics-web@1.0.0~postinstall: cambridgemechatronics-web@1.0.0
166 verbose lifecycle cambridgemechatronics-web@1.0.0~postinstall: unsafe-perm in lifecycle true
167 verbose lifecycle cambridgemechatronics-web@1.0.0~postinstall: PATH: /usr/local/lib/node_modules/npm/bin/node-gyp-bin:/Users/axelhunter/Development/cambridgemechatronics-web/node_modules/.bin:/usr/local/bin:/usr/bin:/bin:/usr/sbin:/sbin
168 verbose lifecycle cambridgemechatronics-web@1.0.0~postinstall: CWD: /Users/axelhunter/Development/cambridgemechatronics-web
169 silly lifecycle cambridgemechatronics-web@1.0.0~postinstall: Args: [ '-c',
169 silly lifecycle   'npm rebuild node-sass && npm run bower && npm run build' ]
170 silly lifecycle cambridgemechatronics-web@1.0.0~postinstall: Returned: code: 1  signal: null
171 info lifecycle cambridgemechatronics-web@1.0.0~postinstall: Failed to exec postinstall script
172 verbose stack Error: cambridgemechatronics-web@1.0.0 postinstall: `npm rebuild node-sass && npm run bower && npm run build`
172 verbose stack Exit status 1
172 verbose stack     at EventEmitter.<anonymous> (/usr/local/lib/node_modules/npm/lib/utils/lifecycle.js:255:16)
172 verbose stack     at emitTwo (events.js:106:13)
172 verbose stack     at EventEmitter.emit (events.js:191:7)
172 verbose stack     at ChildProcess.<anonymous> (/usr/local/lib/node_modules/npm/lib/utils/spawn.js:40:14)
172 verbose stack     at emitTwo (events.js:106:13)
172 verbose stack     at ChildProcess.emit (events.js:191:7)
172 verbose stack     at maybeClose (internal/child_process.js:877:16)
172 verbose stack     at Process.ChildProcess._handle.onexit (internal/child_process.js:226:5)
173 verbose pkgid cambridgemechatronics-web@1.0.0
174 verbose cwd /Users/axelhunter/Development/cambridgemechatronics-web
175 error Darwin 16.3.0
176 error argv "/usr/local/bin/node" "/usr/local/bin/npm" "install"
177 error node v6.9.4
178 error npm  v3.10.10
179 error code ELIFECYCLE
180 error cambridgemechatronics-web@1.0.0 postinstall: `npm rebuild node-sass && npm run bower && npm run build`
180 error Exit status 1
181 error Failed at the cambridgemechatronics-web@1.0.0 postinstall script 'npm rebuild node-sass && npm run bower && npm run build'.
181 error Make sure you have the latest version of node.js and npm installed.
181 error If you do, this is most likely a problem with the cambridgemechatronics-web package,
181 error not with npm itself.
181 error Tell the author that this fails on your system:
181 error     npm rebuild node-sass && npm run bower && npm run build
181 error You can get information on how to open an issue for this project with:
181 error     npm bugs cambridgemechatronics-web
181 error Or if that isn't available, you can get their info via:
181 error     npm owner ls cambridgemechatronics-web
181 error There is likely additional logging output above.
182 verbose exit [ 1, true ]
